{"/Users/retr0/Coding/espaza/backend/index.js": {"path":"/Users/retr0/Coding/espaza/backend/index.js","statementMap":{"0":{"start":{"line":22,"column":0},"end":{"line":22,"column":16}},"1":{"start":{"line":24,"column":19},"end":{"line":24,"column":28}},"2":{"start":{"line":26,"column":0},"end":{"line":26,"column":24}},"3":{"start":{"line":28,"column":0},"end":{"line":44,"column":3}},"4":{"start":{"line":29,"column":2},"end":{"line":29,"column":49}},"5":{"start":{"line":30,"column":2},"end":{"line":33,"column":4}},"6":{"start":{"line":34,"column":2},"end":{"line":37,"column":4}},"7":{"start":{"line":38,"column":2},"end":{"line":38,"column":55}},"8":{"start":{"line":39,"column":2},"end":{"line":43,"column":3}},"9":{"start":{"line":40,"column":4},"end":{"line":40,"column":24}},"10":{"start":{"line":42,"column":4},"end":{"line":42,"column":11}},"11":{"start":{"line":58,"column":2},"end":{"line":67,"column":8}},"12":{"start":{"line":69,"column":18},"end":{"line":80,"column":1}},"13":{"start":{"line":82,"column":18},"end":{"line":82,"column":20}},"14":{"start":{"line":83,"column":0},"end":{"line":83,"column":25}},"15":{"start":{"line":84,"column":0},"end":{"line":84,"column":25}},"16":{"start":{"line":90,"column":17},"end":{"line":90,"column":43}},"17":{"start":{"line":91,"column":17},"end":{"line":91,"column":43}},"18":{"start":{"line":92,"column":0},"end":{"line":92,"column":37}},"19":{"start":{"line":93,"column":0},"end":{"line":93,"column":45}},"20":{"start":{"line":94,"column":0},"end":{"line":94,"column":41}},"21":{"start":{"line":95,"column":0},"end":{"line":95,"column":15}},"22":{"start":{"line":96,"column":0},"end":{"line":96,"column":15}},"23":{"start":{"line":97,"column":0},"end":{"line":97,"column":45}},"24":{"start":{"line":98,"column":0},"end":{"line":98,"column":39}},"25":{"start":{"line":99,"column":0},"end":{"line":99,"column":47}},"26":{"start":{"line":100,"column":0},"end":{"line":100,"column":39}},"27":{"start":{"line":103,"column":0},"end":{"line":103,"column":24}}},"fnMap":{"0":{"name":"(anonymous_0)","decl":{"start":{"line":28,"column":8},"end":{"line":28,"column":9}},"loc":{"start":{"line":28,"column":34},"end":{"line":44,"column":1}},"line":28}},"branchMap":{"0":{"loc":{"start":{"line":39,"column":2},"end":{"line":43,"column":3}},"type":"if","locations":[{"start":{"line":39,"column":2},"end":{"line":43,"column":3}},{"start":{"line":41,"column":9},"end":{"line":43,"column":3}}],"line":39},"1":{"loc":{"start":{"line":58,"column":2},"end":{"line":67,"column":8}},"type":"cond-expr","locations":[{"start":{"line":59,"column":6},"end":{"line":66,"column":7}},{"start":{"line":67,"column":6},"end":{"line":67,"column":8}}],"line":58},"2":{"loc":{"start":{"line":71,"column":2},"end":{"line":71,"column":77}},"type":"cond-expr","locations":[{"start":{"line":71,"column":41},"end":{"line":71,"column":64}},{"start":{"line":71,"column":67},"end":{"line":71,"column":77}}],"line":71},"3":{"loc":{"start":{"line":72,"column":2},"end":{"line":72,"column":69}},"type":"cond-expr","locations":[{"start":{"line":72,"column":41},"end":{"line":72,"column":64}},{"start":{"line":72,"column":67},"end":{"line":72,"column":69}}],"line":72},"4":{"loc":{"start":{"line":75,"column":6},"end":{"line":75,"column":78}},"type":"cond-expr","locations":[{"start":{"line":75,"column":45},"end":{"line":75,"column":64}},{"start":{"line":75,"column":67},"end":{"line":75,"column":78}}],"line":75}},"s":{"0":5,"1":5,"2":5,"3":5,"4":0,"5":0,"6":0,"7":0,"8":0,"9":0,"10":0,"11":5,"12":5,"13":5,"14":5,"15":5,"16":5,"17":5,"18":5,"19":5,"20":5,"21":5,"22":5,"23":5,"24":5,"25":5,"26":5,"27":5},"f":{"0":0},"b":{"0":[0,0],"1":[0,5],"2":[0,5],"3":[0,5],"4":[0,5]},"_coverageSchema":"1a1c01bbd47fc00a2c39e90264f33305004495a9","hash":"902b1aef3d1dfddc8f5f65d780f750a126711a77"}
,"/Users/retr0/Coding/espaza/backend/authentication/passport.js": {"path":"/Users/retr0/Coding/espaza/backend/authentication/passport.js","statementMap":{"0":{"start":{"line":5,"column":0},"end":{"line":5,"column":16}},"1":{"start":{"line":7,"column":23},"end":{"line":7,"column":40}},"2":{"start":{"line":9,"column":0},"end":{"line":22,"column":2}},"3":{"start":{"line":19,"column":6},"end":{"line":19,"column":33}},"4":{"start":{"line":24,"column":0},"end":{"line":26,"column":3}},"5":{"start":{"line":25,"column":2},"end":{"line":25,"column":19}},"6":{"start":{"line":28,"column":0},"end":{"line":30,"column":3}},"7":{"start":{"line":29,"column":2},"end":{"line":29,"column":19}}},"fnMap":{"0":{"name":"(anonymous_0)","decl":{"start":{"line":16,"column":4},"end":{"line":16,"column":5}},"loc":{"start":{"line":16,"column":50},"end":{"line":20,"column":5}},"line":16},"1":{"name":"(anonymous_1)","decl":{"start":{"line":24,"column":23},"end":{"line":24,"column":24}},"loc":{"start":{"line":24,"column":39},"end":{"line":26,"column":1}},"line":24},"2":{"name":"(anonymous_2)","decl":{"start":{"line":28,"column":25},"end":{"line":28,"column":26}},"loc":{"start":{"line":28,"column":41},"end":{"line":30,"column":1}},"line":28}},"branchMap":{},"s":{"0":5,"1":5,"2":5,"3":0,"4":5,"5":0,"6":5,"7":0},"f":{"0":0,"1":0,"2":0},"b":{},"_coverageSchema":"1a1c01bbd47fc00a2c39e90264f33305004495a9","hash":"eaba100145dd614104fe61b06b70fe5f9a29f8e8"}
,"/Users/retr0/Coding/espaza/backend/authentication/controllers/AuthController.js": {"path":"/Users/retr0/Coding/espaza/backend/authentication/controllers/AuthController.js","statementMap":{"0":{"start":{"line":7,"column":0},"end":{"line":7,"column":16}},"1":{"start":{"line":10,"column":2},"end":{"line":29,"column":3}},"2":{"start":{"line":11,"column":21},"end":{"line":11,"column":38}},"3":{"start":{"line":12,"column":17},"end":{"line":18,"column":5}},"4":{"start":{"line":19,"column":4},"end":{"line":25,"column":5}},"5":{"start":{"line":20,"column":22},"end":{"line":20,"column":53}},"6":{"start":{"line":21,"column":6},"end":{"line":21,"column":32}},"7":{"start":{"line":23,"column":19},"end":{"line":23,"column":73}},"8":{"start":{"line":24,"column":6},"end":{"line":24,"column":29}},"9":{"start":{"line":27,"column":4},"end":{"line":27,"column":49}},"10":{"start":{"line":28,"column":4},"end":{"line":28,"column":16}}},"fnMap":{"0":{"name":"signup","decl":{"start":{"line":9,"column":22},"end":{"line":9,"column":28}},"loc":{"start":{"line":9,"column":55},"end":{"line":30,"column":1}},"line":9}},"branchMap":{"0":{"loc":{"start":{"line":9,"column":36},"end":{"line":9,"column":53}},"type":"default-arg","locations":[{"start":{"line":9,"column":43},"end":{"line":9,"column":53}}],"line":9}},"s":{"0":2,"1":2,"2":2,"3":2,"4":2,"5":2,"6":0,"7":2,"8":2,"9":0,"10":0},"f":{"0":2},"b":{"0":[2]},"_coverageSchema":"1a1c01bbd47fc00a2c39e90264f33305004495a9","hash":"efd68cdcfd1712407639cbf91334e436d0e29e34"}
,"/Users/retr0/Coding/espaza/backend/common/models/Category.js": {"path":"/Users/retr0/Coding/espaza/backend/common/models/Category.js","statementMap":{"0":{"start":{"line":4,"column":0},"end":{"line":4,"column":16}},"1":{"start":{"line":7,"column":19},"end":{"line":38,"column":3}},"2":{"start":{"line":42,"column":2},"end":{"line":42,"column":22}}},"fnMap":{"0":{"name":"defineCategoryModel","decl":{"start":{"line":6,"column":24},"end":{"line":6,"column":43}},"loc":{"start":{"line":6,"column":55},"end":{"line":43,"column":1}},"line":6}},"branchMap":{},"s":{"0":5,"1":5,"2":5},"f":{"0":5},"b":{},"_coverageSchema":"1a1c01bbd47fc00a2c39e90264f33305004495a9","hash":"a6acd72757149b0bf45837eeabcaa33fcf73c57f"}
,"/Users/retr0/Coding/espaza/backend/common/models/Color.js": {"path":"/Users/retr0/Coding/espaza/backend/common/models/Color.js","statementMap":{"0":{"start":{"line":4,"column":16},"end":{"line":20,"column":3}},"1":{"start":{"line":24,"column":2},"end":{"line":24,"column":19}}},"fnMap":{"0":{"name":"defineColorModel","decl":{"start":{"line":3,"column":24},"end":{"line":3,"column":40}},"loc":{"start":{"line":3,"column":52},"end":{"line":25,"column":1}},"line":3}},"branchMap":{},"s":{"0":5,"1":5},"f":{"0":5},"b":{},"_coverageSchema":"1a1c01bbd47fc00a2c39e90264f33305004495a9","hash":"4582250295d30b7e2b86ce0ae7e1462526077262"}
,"/Users/retr0/Coding/espaza/backend/common/models/Gender.js": {"path":"/Users/retr0/Coding/espaza/backend/common/models/Gender.js","statementMap":{"0":{"start":{"line":4,"column":17},"end":{"line":26,"column":3}},"1":{"start":{"line":30,"column":2},"end":{"line":30,"column":20}}},"fnMap":{"0":{"name":"defineGenderModel","decl":{"start":{"line":3,"column":24},"end":{"line":3,"column":41}},"loc":{"start":{"line":3,"column":53},"end":{"line":31,"column":1}},"line":3}},"branchMap":{},"s":{"0":5,"1":5},"f":{"0":5},"b":{},"_coverageSchema":"1a1c01bbd47fc00a2c39e90264f33305004495a9","hash":"99dc11f0bf8a3efc28dea6eb3fe146c5ef790384"}
,"/Users/retr0/Coding/espaza/backend/common/models/ItemColor.js": {"path":"/Users/retr0/Coding/espaza/backend/common/models/ItemColor.js","statementMap":{"0":{"start":{"line":6,"column":0},"end":{"line":6,"column":16}},"1":{"start":{"line":9,"column":20},"end":{"line":36,"column":3}},"2":{"start":{"line":40,"column":2},"end":{"line":40,"column":23}}},"fnMap":{"0":{"name":"defineItemColorModel","decl":{"start":{"line":8,"column":24},"end":{"line":8,"column":44}},"loc":{"start":{"line":8,"column":56},"end":{"line":41,"column":1}},"line":8}},"branchMap":{},"s":{"0":5,"1":5,"2":5},"f":{"0":5},"b":{},"_coverageSchema":"1a1c01bbd47fc00a2c39e90264f33305004495a9","hash":"7f342d0dd048b1535d575be9e97a708429b52dcc"}
,"/Users/retr0/Coding/espaza/backend/common/models/ItemSize.js": {"path":"/Users/retr0/Coding/espaza/backend/common/models/ItemSize.js","statementMap":{"0":{"start":{"line":7,"column":0},"end":{"line":7,"column":16}},"1":{"start":{"line":10,"column":19},"end":{"line":44,"column":3}},"2":{"start":{"line":48,"column":17},"end":{"line":60,"column":3}},"3":{"start":{"line":49,"column":4},"end":{"line":59,"column":5}},"4":{"start":{"line":50,"column":24},"end":{"line":55,"column":8}},"5":{"start":{"line":56,"column":6},"end":{"line":56,"column":35}},"6":{"start":{"line":58,"column":6},"end":{"line":58,"column":54}},"7":{"start":{"line":62,"column":20},"end":{"line":90,"column":3}},"8":{"start":{"line":63,"column":4},"end":{"line":63,"column":25}},"9":{"start":{"line":64,"column":15},"end":{"line":64,"column":19}},"10":{"start":{"line":65,"column":4},"end":{"line":89,"column":5}},"11":{"start":{"line":66,"column":6},"end":{"line":68,"column":9}},"12":{"start":{"line":69,"column":6},"end":{"line":84,"column":7}},"13":{"start":{"line":70,"column":8},"end":{"line":74,"column":11}},"14":{"start":{"line":76,"column":8},"end":{"line":83,"column":10}},"15":{"start":{"line":86,"column":6},"end":{"line":86,"column":18}},"16":{"start":{"line":88,"column":6},"end":{"line":88,"column":52}},"17":{"start":{"line":92,"column":2},"end":{"line":92,"column":41}}},"fnMap":{"0":{"name":"defineItemSizeModel","decl":{"start":{"line":9,"column":24},"end":{"line":9,"column":43}},"loc":{"start":{"line":9,"column":55},"end":{"line":93,"column":1}},"line":9},"1":{"name":"(anonymous_1)","decl":{"start":{"line":48,"column":17},"end":{"line":48,"column":18}},"loc":{"start":{"line":48,"column":36},"end":{"line":60,"column":3}},"line":48},"2":{"name":"(anonymous_2)","decl":{"start":{"line":62,"column":20},"end":{"line":62,"column":21}},"loc":{"start":{"line":62,"column":39},"end":{"line":90,"column":3}},"line":62}},"branchMap":{"0":{"loc":{"start":{"line":69,"column":6},"end":{"line":84,"column":7}},"type":"if","locations":[{"start":{"line":69,"column":6},"end":{"line":84,"column":7}},{"start":{"line":75,"column":13},"end":{"line":84,"column":7}}],"line":69}},"s":{"0":5,"1":9,"2":9,"3":40,"4":40,"5":40,"6":0,"7":9,"8":6,"9":6,"10":6,"11":6,"12":6,"13":3,"14":3,"15":6,"16":0,"17":9},"f":{"0":9,"1":40,"2":6},"b":{"0":[3,3]},"_coverageSchema":"1a1c01bbd47fc00a2c39e90264f33305004495a9","hash":"f9ab0975226aa12129c74735e8eee0ef6eb60cac"}
,"/Users/retr0/Coding/espaza/backend/common/models/Items.js": {"path":"/Users/retr0/Coding/espaza/backend/common/models/Items.js","statementMap":{"0":{"start":{"line":7,"column":0},"end":{"line":7,"column":16}},"1":{"start":{"line":22,"column":15},"end":{"line":75,"column":4}},"2":{"start":{"line":78,"column":21},"end":{"line":86,"column":3}},"3":{"start":{"line":79,"column":4},"end":{"line":85,"column":5}},"4":{"start":{"line":80,"column":22},"end":{"line":80,"column":45}},"5":{"start":{"line":81,"column":6},"end":{"line":81,"column":21}},"6":{"start":{"line":83,"column":6},"end":{"line":83,"column":49}},"7":{"start":{"line":88,"column":21},"end":{"line":96,"column":3}},"8":{"start":{"line":89,"column":4},"end":{"line":95,"column":5}},"9":{"start":{"line":90,"column":26},"end":{"line":90,"column":75}},"10":{"start":{"line":91,"column":6},"end":{"line":91,"column":25}},"11":{"start":{"line":93,"column":6},"end":{"line":93,"column":51}},"12":{"start":{"line":98,"column":19},"end":{"line":108,"column":3}},"13":{"start":{"line":99,"column":4},"end":{"line":107,"column":5}},"14":{"start":{"line":100,"column":20},"end":{"line":102,"column":8}},"15":{"start":{"line":103,"column":6},"end":{"line":103,"column":19}},"16":{"start":{"line":105,"column":6},"end":{"line":105,"column":54}},"17":{"start":{"line":110,"column":22},"end":{"line":121,"column":3}},"18":{"start":{"line":111,"column":4},"end":{"line":120,"column":5}},"19":{"start":{"line":113,"column":19},"end":{"line":115,"column":8}},"20":{"start":{"line":116,"column":6},"end":{"line":116,"column":18}},"21":{"start":{"line":118,"column":6},"end":{"line":118,"column":53}},"22":{"start":{"line":123,"column":29},"end":{"line":135,"column":3}},"23":{"start":{"line":124,"column":4},"end":{"line":134,"column":5}},"24":{"start":{"line":125,"column":20},"end":{"line":129,"column":8}},"25":{"start":{"line":130,"column":6},"end":{"line":130,"column":19}},"26":{"start":{"line":132,"column":6},"end":{"line":132,"column":54}},"27":{"start":{"line":137,"column":27},"end":{"line":149,"column":3}},"28":{"start":{"line":138,"column":4},"end":{"line":148,"column":5}},"29":{"start":{"line":139,"column":20},"end":{"line":143,"column":8}},"30":{"start":{"line":144,"column":6},"end":{"line":144,"column":19}},"31":{"start":{"line":146,"column":6},"end":{"line":146,"column":54}},"32":{"start":{"line":151,"column":2},"end":{"line":159,"column":4}}},"fnMap":{"0":{"name":"defineItemModel","decl":{"start":{"line":21,"column":24},"end":{"line":21,"column":39}},"loc":{"start":{"line":21,"column":51},"end":{"line":160,"column":1}},"line":21},"1":{"name":"(anonymous_1)","decl":{"start":{"line":78,"column":21},"end":{"line":78,"column":22}},"loc":{"start":{"line":78,"column":37},"end":{"line":86,"column":3}},"line":78},"2":{"name":"(anonymous_2)","decl":{"start":{"line":88,"column":21},"end":{"line":88,"column":22}},"loc":{"start":{"line":88,"column":39},"end":{"line":96,"column":3}},"line":88},"3":{"name":"(anonymous_3)","decl":{"start":{"line":98,"column":19},"end":{"line":98,"column":20}},"loc":{"start":{"line":98,"column":31},"end":{"line":108,"column":3}},"line":98},"4":{"name":"(anonymous_4)","decl":{"start":{"line":110,"column":22},"end":{"line":110,"column":23}},"loc":{"start":{"line":110,"column":40},"end":{"line":121,"column":3}},"line":110},"5":{"name":"(anonymous_5)","decl":{"start":{"line":123,"column":29},"end":{"line":123,"column":30}},"loc":{"start":{"line":123,"column":51},"end":{"line":135,"column":3}},"line":123},"6":{"name":"(anonymous_6)","decl":{"start":{"line":137,"column":27},"end":{"line":137,"column":28}},"loc":{"start":{"line":137,"column":47},"end":{"line":149,"column":3}},"line":137}},"branchMap":{},"s":{"0":5,"1":5,"2":5,"3":0,"4":0,"5":0,"6":0,"7":5,"8":0,"9":0,"10":0,"11":0,"12":5,"13":0,"14":0,"15":0,"16":0,"17":5,"18":0,"19":0,"20":0,"21":0,"22":5,"23":0,"24":0,"25":0,"26":0,"27":5,"28":0,"29":0,"30":0,"31":0,"32":5},"f":{"0":5,"1":0,"2":0,"3":0,"4":0,"5":0,"6":0},"b":{},"_coverageSchema":"1a1c01bbd47fc00a2c39e90264f33305004495a9","hash":"8bf5ca7171c683e5e13055b8700070f4c1ee7d10"}
,"/Users/retr0/Coding/espaza/backend/common/models/Size.js": {"path":"/Users/retr0/Coding/espaza/backend/common/models/Size.js","statementMap":{"0":{"start":{"line":4,"column":15},"end":{"line":21,"column":3}},"1":{"start":{"line":25,"column":2},"end":{"line":25,"column":18}}},"fnMap":{"0":{"name":"defineSizeModel","decl":{"start":{"line":3,"column":24},"end":{"line":3,"column":39}},"loc":{"start":{"line":3,"column":51},"end":{"line":26,"column":1}},"line":3}},"branchMap":{},"s":{"0":5,"1":5},"f":{"0":5},"b":{},"_coverageSchema":"1a1c01bbd47fc00a2c39e90264f33305004495a9","hash":"d24f25d96835c80549dcc4cad0e2c5ac5b56ab76"}
,"/Users/retr0/Coding/espaza/backend/common/models/User.js": {"path":"/Users/retr0/Coding/espaza/backend/common/models/User.js","statementMap":{"0":{"start":{"line":6,"column":15},"end":{"line":28,"column":4}},"1":{"start":{"line":30,"column":2},"end":{"line":30,"column":14}},"2":{"start":{"line":34,"column":26},"end":{"line":42,"column":1}},"3":{"start":{"line":35,"column":2},"end":{"line":41,"column":3}},"4":{"start":{"line":36,"column":20},"end":{"line":36,"column":43}},"5":{"start":{"line":37,"column":4},"end":{"line":37,"column":19}},"6":{"start":{"line":39,"column":4},"end":{"line":39,"column":49}},"7":{"start":{"line":40,"column":4},"end":{"line":40,"column":16}}},"fnMap":{"0":{"name":"defineUserModel","decl":{"start":{"line":5,"column":24},"end":{"line":5,"column":39}},"loc":{"start":{"line":5,"column":51},"end":{"line":31,"column":1}},"line":5},"1":{"name":"(anonymous_1)","decl":{"start":{"line":34,"column":26},"end":{"line":34,"column":27}},"loc":{"start":{"line":34,"column":48},"end":{"line":42,"column":1}},"line":34}},"branchMap":{},"s":{"0":5,"1":5,"2":5,"3":2,"4":2,"5":0,"6":2,"7":2},"f":{"0":5,"1":2},"b":{},"_coverageSchema":"1a1c01bbd47fc00a2c39e90264f33305004495a9","hash":"3c9e2cd2c68ee52f40635106744ce92927ad78db"}
,"/Users/retr0/Coding/espaza/backend/controllers/checkout/index.js": {"path":"/Users/retr0/Coding/espaza/backend/controllers/checkout/index.js","statementMap":{"0":{"start":{"line":6,"column":27},"end":{"line":18,"column":1}},"1":{"start":{"line":7,"column":18},"end":{"line":10,"column":3}},"2":{"start":{"line":11,"column":2},"end":{"line":17,"column":3}},"3":{"start":{"line":12,"column":18},"end":{"line":12,"column":48}},"4":{"start":{"line":13,"column":4},"end":{"line":13,"column":33}},"5":{"start":{"line":14,"column":4},"end":{"line":14,"column":17}},"6":{"start":{"line":16,"column":4},"end":{"line":16,"column":21}},"7":{"start":{"line":20,"column":21},"end":{"line":28,"column":1}},"8":{"start":{"line":21,"column":14},"end":{"line":25,"column":3}},"9":{"start":{"line":27,"column":2},"end":{"line":27,"column":13}},"10":{"start":{"line":30,"column":24},"end":{"line":48,"column":1}},"11":{"start":{"line":31,"column":16},"end":{"line":31,"column":66}},"12":{"start":{"line":33,"column":2},"end":{"line":46,"column":3}},"13":{"start":{"line":34,"column":21},"end":{"line":34,"column":56}},"14":{"start":{"line":35,"column":21},"end":{"line":35,"column":44}},"15":{"start":{"line":39,"column":20},"end":{"line":43,"column":5}},"16":{"start":{"line":45,"column":4},"end":{"line":45,"column":18}},"17":{"start":{"line":47,"column":2},"end":{"line":47,"column":27}},"18":{"start":{"line":50,"column":29},"end":{"line":58,"column":1}},"19":{"start":{"line":51,"column":2},"end":{"line":57,"column":3}},"20":{"start":{"line":52,"column":17},"end":{"line":52,"column":74}},"21":{"start":{"line":53,"column":4},"end":{"line":53,"column":84}},"22":{"start":{"line":53,"column":58},"end":{"line":53,"column":81}},"23":{"start":{"line":54,"column":4},"end":{"line":54,"column":17}},"24":{"start":{"line":56,"column":4},"end":{"line":56,"column":23}},"25":{"start":{"line":60,"column":28},"end":{"line":68,"column":1}},"26":{"start":{"line":61,"column":2},"end":{"line":67,"column":3}},"27":{"start":{"line":62,"column":17},"end":{"line":62,"column":41}},"28":{"start":{"line":63,"column":4},"end":{"line":63,"column":84}},"29":{"start":{"line":63,"column":58},"end":{"line":63,"column":81}},"30":{"start":{"line":64,"column":4},"end":{"line":64,"column":18}},"31":{"start":{"line":66,"column":4},"end":{"line":66,"column":23}}},"fnMap":{"0":{"name":"(anonymous_0)","decl":{"start":{"line":6,"column":27},"end":{"line":6,"column":28}},"loc":{"start":{"line":6,"column":53},"end":{"line":18,"column":1}},"line":6},"1":{"name":"(anonymous_1)","decl":{"start":{"line":20,"column":21},"end":{"line":20,"column":22}},"loc":{"start":{"line":20,"column":41},"end":{"line":28,"column":1}},"line":20},"2":{"name":"(anonymous_2)","decl":{"start":{"line":22,"column":17},"end":{"line":22,"column":18}},"loc":{"start":{"line":22,"column":30},"end":{"line":24,"column":5}},"line":22},"3":{"name":"(anonymous_3)","decl":{"start":{"line":30,"column":24},"end":{"line":30,"column":25}},"loc":{"start":{"line":30,"column":43},"end":{"line":48,"column":1}},"line":30},"4":{"name":"(anonymous_4)","decl":{"start":{"line":50,"column":29},"end":{"line":50,"column":30}},"loc":{"start":{"line":50,"column":47},"end":{"line":58,"column":1}},"line":50},"5":{"name":"(anonymous_5)","decl":{"start":{"line":53,"column":42},"end":{"line":53,"column":43}},"loc":{"start":{"line":53,"column":58},"end":{"line":53,"column":81}},"line":53},"6":{"name":"(anonymous_6)","decl":{"start":{"line":60,"column":28},"end":{"line":60,"column":29}},"loc":{"start":{"line":60,"column":40},"end":{"line":68,"column":1}},"line":60},"7":{"name":"(anonymous_7)","decl":{"start":{"line":63,"column":42},"end":{"line":63,"column":43}},"loc":{"start":{"line":63,"column":58},"end":{"line":63,"column":81}},"line":63}},"branchMap":{"0":{"loc":{"start":{"line":33,"column":2},"end":{"line":46,"column":3}},"type":"if","locations":[{"start":{"line":33,"column":2},"end":{"line":46,"column":3}},{"start":{},"end":{}}],"line":33}},"s":{"0":1,"1":1,"2":1,"3":1,"4":1,"5":1,"6":0,"7":1,"8":1,"9":1,"10":1,"11":9,"12":9,"13":9,"14":9,"15":9,"16":9,"17":0,"18":1,"19":1,"20":1,"21":1,"22":4,"23":1,"24":0,"25":1,"26":1,"27":1,"28":1,"29":4,"30":1,"31":0},"f":{"0":1,"1":1,"2":1,"3":9,"4":1,"5":4,"6":1,"7":4},"b":{"0":[9,0]},"_coverageSchema":"1a1c01bbd47fc00a2c39e90264f33305004495a9","hash":"d8033755fda5cdafcdcf9ea18d8c4a9d83eb0299"}
,"/Users/retr0/Coding/espaza/backend/controllers/search/index.js": {"path":"/Users/retr0/Coding/espaza/backend/controllers/search/index.js","statementMap":{"0":{"start":{"line":4,"column":27},"end":{"line":10,"column":1}},"1":{"start":{"line":5,"column":16},"end":{"line":7,"column":4}},"2":{"start":{"line":9,"column":2},"end":{"line":9,"column":15}}},"fnMap":{"0":{"name":"(anonymous_0)","decl":{"start":{"line":4,"column":27},"end":{"line":4,"column":28}},"loc":{"start":{"line":4,"column":44},"end":{"line":10,"column":1}},"line":4}},"branchMap":{},"s":{"0":1,"1":1,"2":1},"f":{"0":1},"b":{},"_coverageSchema":"1a1c01bbd47fc00a2c39e90264f33305004495a9","hash":"afb067658cdb4e673b19fbdd4caad38e3d7991de"}
,"/Users/retr0/Coding/espaza/backend/controllers/stock/index.js": {"path":"/Users/retr0/Coding/espaza/backend/controllers/stock/index.js","statementMap":{"0":{"start":{"line":5,"column":24},"end":{"line":37,"column":1}},"1":{"start":{"line":6,"column":17},"end":{"line":6,"column":40}},"2":{"start":{"line":7,"column":21},"end":{"line":7,"column":54}},"3":{"start":{"line":8,"column":16},"end":{"line":34,"column":3}},"4":{"start":{"line":10,"column":6},"end":{"line":32,"column":7}},"5":{"start":{"line":12,"column":21},"end":{"line":12,"column":37}},"6":{"start":{"line":13,"column":25},"end":{"line":18,"column":9}},"7":{"start":{"line":16,"column":14},"end":{"line":16,"column":78}},"8":{"start":{"line":19,"column":8},"end":{"line":19,"column":55}},"9":{"start":{"line":19,"column":49},"end":{"line":19,"column":53}},"10":{"start":{"line":20,"column":24},"end":{"line":22,"column":9}},"11":{"start":{"line":23,"column":25},"end":{"line":23,"column":26}},"12":{"start":{"line":24,"column":8},"end":{"line":26,"column":9}},"13":{"start":{"line":24,"column":21},"end":{"line":24,"column":22}},"14":{"start":{"line":25,"column":10},"end":{"line":25,"column":48}},"15":{"start":{"line":27,"column":8},"end":{"line":27,"column":32}},"16":{"start":{"line":28,"column":8},"end":{"line":28,"column":38}},"17":{"start":{"line":29,"column":8},"end":{"line":29,"column":40}},"18":{"start":{"line":31,"column":8},"end":{"line":31,"column":23}},"19":{"start":{"line":36,"column":2},"end":{"line":36,"column":15}},"20":{"start":{"line":39,"column":28},"end":{"line":64,"column":1}},"21":{"start":{"line":40,"column":15},"end":{"line":40,"column":63}},"22":{"start":{"line":41,"column":19},"end":{"line":41,"column":23}},"23":{"start":{"line":43,"column":2},"end":{"line":52,"column":3}},"24":{"start":{"line":45,"column":23},"end":{"line":45,"column":56}},"25":{"start":{"line":46,"column":17},"end":{"line":46,"column":33}},"26":{"start":{"line":47,"column":4},"end":{"line":51,"column":6}},"27":{"start":{"line":49,"column":24},"end":{"line":49,"column":76}},"28":{"start":{"line":53,"column":2},"end":{"line":53,"column":49}},"29":{"start":{"line":53,"column":43},"end":{"line":53,"column":47}},"30":{"start":{"line":54,"column":18},"end":{"line":57,"column":3}},"31":{"start":{"line":58,"column":19},"end":{"line":58,"column":20}},"32":{"start":{"line":59,"column":2},"end":{"line":61,"column":3}},"33":{"start":{"line":59,"column":15},"end":{"line":59,"column":16}},"34":{"start":{"line":60,"column":4},"end":{"line":60,"column":42}},"35":{"start":{"line":62,"column":2},"end":{"line":62,"column":34}},"36":{"start":{"line":63,"column":2},"end":{"line":63,"column":17}},"37":{"start":{"line":66,"column":35},"end":{"line":103,"column":1}},"38":{"start":{"line":67,"column":17},"end":{"line":67,"column":63}},"39":{"start":{"line":68,"column":21},"end":{"line":68,"column":54}},"40":{"start":{"line":69,"column":2},"end":{"line":99,"column":3}},"41":{"start":{"line":70,"column":18},"end":{"line":96,"column":5}},"42":{"start":{"line":72,"column":8},"end":{"line":94,"column":9}},"43":{"start":{"line":74,"column":23},"end":{"line":74,"column":39}},"44":{"start":{"line":75,"column":27},"end":{"line":80,"column":11}},"45":{"start":{"line":78,"column":16},"end":{"line":78,"column":80}},"46":{"start":{"line":81,"column":10},"end":{"line":81,"column":57}},"47":{"start":{"line":81,"column":51},"end":{"line":81,"column":55}},"48":{"start":{"line":82,"column":26},"end":{"line":84,"column":11}},"49":{"start":{"line":85,"column":27},"end":{"line":85,"column":28}},"50":{"start":{"line":86,"column":10},"end":{"line":88,"column":11}},"51":{"start":{"line":86,"column":23},"end":{"line":86,"column":24}},"52":{"start":{"line":87,"column":12},"end":{"line":87,"column":50}},"53":{"start":{"line":89,"column":10},"end":{"line":89,"column":34}},"54":{"start":{"line":90,"column":10},"end":{"line":90,"column":40}},"55":{"start":{"line":91,"column":10},"end":{"line":91,"column":42}},"56":{"start":{"line":93,"column":10},"end":{"line":93,"column":25}},"57":{"start":{"line":98,"column":4},"end":{"line":98,"column":17}},"58":{"start":{"line":101,"column":2},"end":{"line":101,"column":11}},"59":{"start":{"line":105,"column":33},"end":{"line":142,"column":1}},"60":{"start":{"line":106,"column":17},"end":{"line":106,"column":65}},"61":{"start":{"line":107,"column":21},"end":{"line":107,"column":54}},"62":{"start":{"line":108,"column":2},"end":{"line":138,"column":3}},"63":{"start":{"line":109,"column":18},"end":{"line":135,"column":5}},"64":{"start":{"line":111,"column":8},"end":{"line":133,"column":9}},"65":{"start":{"line":113,"column":23},"end":{"line":113,"column":39}},"66":{"start":{"line":114,"column":27},"end":{"line":119,"column":11}},"67":{"start":{"line":117,"column":16},"end":{"line":117,"column":80}},"68":{"start":{"line":120,"column":10},"end":{"line":120,"column":57}},"69":{"start":{"line":120,"column":51},"end":{"line":120,"column":55}},"70":{"start":{"line":121,"column":26},"end":{"line":123,"column":11}},"71":{"start":{"line":124,"column":27},"end":{"line":124,"column":28}},"72":{"start":{"line":125,"column":10},"end":{"line":127,"column":11}},"73":{"start":{"line":125,"column":23},"end":{"line":125,"column":24}},"74":{"start":{"line":126,"column":12},"end":{"line":126,"column":50}},"75":{"start":{"line":128,"column":10},"end":{"line":128,"column":34}},"76":{"start":{"line":129,"column":10},"end":{"line":129,"column":40}},"77":{"start":{"line":130,"column":10},"end":{"line":130,"column":42}},"78":{"start":{"line":132,"column":10},"end":{"line":132,"column":25}},"79":{"start":{"line":137,"column":4},"end":{"line":137,"column":17}},"80":{"start":{"line":140,"column":2},"end":{"line":140,"column":11}},"81":{"start":{"line":144,"column":31},"end":{"line":181,"column":1}},"82":{"start":{"line":145,"column":17},"end":{"line":145,"column":85}},"83":{"start":{"line":146,"column":21},"end":{"line":146,"column":54}},"84":{"start":{"line":147,"column":2},"end":{"line":177,"column":3}},"85":{"start":{"line":148,"column":18},"end":{"line":174,"column":5}},"86":{"start":{"line":150,"column":8},"end":{"line":172,"column":9}},"87":{"start":{"line":152,"column":23},"end":{"line":152,"column":39}},"88":{"start":{"line":153,"column":27},"end":{"line":158,"column":11}},"89":{"start":{"line":156,"column":16},"end":{"line":156,"column":80}},"90":{"start":{"line":159,"column":10},"end":{"line":159,"column":57}},"91":{"start":{"line":159,"column":51},"end":{"line":159,"column":55}},"92":{"start":{"line":160,"column":26},"end":{"line":162,"column":11}},"93":{"start":{"line":163,"column":27},"end":{"line":163,"column":28}},"94":{"start":{"line":164,"column":10},"end":{"line":166,"column":11}},"95":{"start":{"line":164,"column":23},"end":{"line":164,"column":24}},"96":{"start":{"line":165,"column":12},"end":{"line":165,"column":50}},"97":{"start":{"line":167,"column":10},"end":{"line":167,"column":34}},"98":{"start":{"line":168,"column":10},"end":{"line":168,"column":40}},"99":{"start":{"line":169,"column":10},"end":{"line":169,"column":42}},"100":{"start":{"line":171,"column":10},"end":{"line":171,"column":25}},"101":{"start":{"line":176,"column":4},"end":{"line":176,"column":17}},"102":{"start":{"line":179,"column":2},"end":{"line":179,"column":11}},"103":{"start":{"line":185,"column":24},"end":{"line":244,"column":1}},"104":{"start":{"line":186,"column":2},"end":{"line":243,"column":3}},"105":{"start":{"line":187,"column":15},"end":{"line":194,"column":6}},"106":{"start":{"line":196,"column":4},"end":{"line":196,"column":28}},"107":{"start":{"line":198,"column":4},"end":{"line":238,"column":5}},"108":{"start":{"line":201,"column":28},"end":{"line":201,"column":61}},"109":{"start":{"line":203,"column":25},"end":{"line":229,"column":7}},"110":{"start":{"line":231,"column":18},"end":{"line":237,"column":7}},"111":{"start":{"line":233,"column":10},"end":{"line":235,"column":11}},"112":{"start":{"line":234,"column":12},"end":{"line":234,"column":35}},"113":{"start":{"line":240,"column":4},"end":{"line":240,"column":16}},"114":{"start":{"line":242,"column":4},"end":{"line":242,"column":23}},"115":{"start":{"line":246,"column":34},"end":{"line":295,"column":1}},"116":{"start":{"line":247,"column":15},"end":{"line":247,"column":59}},"117":{"start":{"line":248,"column":2},"end":{"line":248,"column":27}},"118":{"start":{"line":249,"column":2},"end":{"line":249,"column":41}},"119":{"start":{"line":250,"column":2},"end":{"line":250,"column":29}},"120":{"start":{"line":251,"column":2},"end":{"line":251,"column":29}},"121":{"start":{"line":252,"column":2},"end":{"line":252,"column":27}},"122":{"start":{"line":253,"column":2},"end":{"line":293,"column":3}},"123":{"start":{"line":256,"column":26},"end":{"line":256,"column":59}},"124":{"start":{"line":258,"column":23},"end":{"line":284,"column":5}},"125":{"start":{"line":286,"column":16},"end":{"line":292,"column":5}},"126":{"start":{"line":288,"column":8},"end":{"line":290,"column":9}},"127":{"start":{"line":289,"column":10},"end":{"line":289,"column":33}},"128":{"start":{"line":294,"column":2},"end":{"line":294,"column":27}}},"fnMap":{"0":{"name":"(anonymous_0)","decl":{"start":{"line":5,"column":24},"end":{"line":5,"column":25}},"loc":{"start":{"line":5,"column":36},"end":{"line":37,"column":1}},"line":5},"1":{"name":"(anonymous_1)","decl":{"start":{"line":9,"column":15},"end":{"line":9,"column":16}},"loc":{"start":{"line":9,"column":31},"end":{"line":33,"column":5}},"line":9},"2":{"name":"(anonymous_2)","decl":{"start":{"line":15,"column":12},"end":{"line":15,"column":13}},"loc":{"start":{"line":16,"column":14},"end":{"line":16,"column":78}},"line":16},"3":{"name":"(anonymous_3)","decl":{"start":{"line":19,"column":39},"end":{"line":19,"column":40}},"loc":{"start":{"line":19,"column":49},"end":{"line":19,"column":53}},"line":19},"4":{"name":"(anonymous_4)","decl":{"start":{"line":39,"column":28},"end":{"line":39,"column":29}},"loc":{"start":{"line":39,"column":42},"end":{"line":64,"column":1}},"line":39},"5":{"name":"(anonymous_5)","decl":{"start":{"line":49,"column":8},"end":{"line":49,"column":9}},"loc":{"start":{"line":49,"column":24},"end":{"line":49,"column":76}},"line":49},"6":{"name":"(anonymous_6)","decl":{"start":{"line":53,"column":33},"end":{"line":53,"column":34}},"loc":{"start":{"line":53,"column":43},"end":{"line":53,"column":47}},"line":53},"7":{"name":"(anonymous_7)","decl":{"start":{"line":66,"column":35},"end":{"line":66,"column":36}},"loc":{"start":{"line":66,"column":50},"end":{"line":103,"column":1}},"line":66},"8":{"name":"(anonymous_8)","decl":{"start":{"line":71,"column":17},"end":{"line":71,"column":18}},"loc":{"start":{"line":71,"column":33},"end":{"line":95,"column":7}},"line":71},"9":{"name":"(anonymous_9)","decl":{"start":{"line":77,"column":14},"end":{"line":77,"column":15}},"loc":{"start":{"line":78,"column":16},"end":{"line":78,"column":80}},"line":78},"10":{"name":"(anonymous_10)","decl":{"start":{"line":81,"column":41},"end":{"line":81,"column":42}},"loc":{"start":{"line":81,"column":51},"end":{"line":81,"column":55}},"line":81},"11":{"name":"(anonymous_11)","decl":{"start":{"line":105,"column":33},"end":{"line":105,"column":34}},"loc":{"start":{"line":105,"column":48},"end":{"line":142,"column":1}},"line":105},"12":{"name":"(anonymous_12)","decl":{"start":{"line":110,"column":17},"end":{"line":110,"column":18}},"loc":{"start":{"line":110,"column":33},"end":{"line":134,"column":7}},"line":110},"13":{"name":"(anonymous_13)","decl":{"start":{"line":116,"column":14},"end":{"line":116,"column":15}},"loc":{"start":{"line":117,"column":16},"end":{"line":117,"column":80}},"line":117},"14":{"name":"(anonymous_14)","decl":{"start":{"line":120,"column":41},"end":{"line":120,"column":42}},"loc":{"start":{"line":120,"column":51},"end":{"line":120,"column":55}},"line":120},"15":{"name":"(anonymous_15)","decl":{"start":{"line":144,"column":31},"end":{"line":144,"column":32}},"loc":{"start":{"line":144,"column":46},"end":{"line":181,"column":1}},"line":144},"16":{"name":"(anonymous_16)","decl":{"start":{"line":149,"column":17},"end":{"line":149,"column":18}},"loc":{"start":{"line":149,"column":33},"end":{"line":173,"column":7}},"line":149},"17":{"name":"(anonymous_17)","decl":{"start":{"line":155,"column":14},"end":{"line":155,"column":15}},"loc":{"start":{"line":156,"column":16},"end":{"line":156,"column":80}},"line":156},"18":{"name":"(anonymous_18)","decl":{"start":{"line":159,"column":41},"end":{"line":159,"column":42}},"loc":{"start":{"line":159,"column":51},"end":{"line":159,"column":55}},"line":159},"19":{"name":"(anonymous_19)","decl":{"start":{"line":185,"column":24},"end":{"line":185,"column":25}},"loc":{"start":{"line":185,"column":43},"end":{"line":244,"column":1}},"line":185},"20":{"name":"(anonymous_20)","decl":{"start":{"line":232,"column":23},"end":{"line":232,"column":24}},"loc":{"start":{"line":232,"column":40},"end":{"line":236,"column":9}},"line":232},"21":{"name":"(anonymous_21)","decl":{"start":{"line":246,"column":34},"end":{"line":246,"column":35}},"loc":{"start":{"line":246,"column":61},"end":{"line":295,"column":1}},"line":246},"22":{"name":"(anonymous_22)","decl":{"start":{"line":287,"column":21},"end":{"line":287,"column":22}},"loc":{"start":{"line":287,"column":38},"end":{"line":291,"column":7}},"line":287}},"branchMap":{"0":{"loc":{"start":{"line":10,"column":6},"end":{"line":32,"column":7}},"type":"if","locations":[{"start":{"line":10,"column":6},"end":{"line":32,"column":7}},{"start":{},"end":{}}],"line":10},"1":{"loc":{"start":{"line":43,"column":2},"end":{"line":52,"column":3}},"type":"if","locations":[{"start":{"line":43,"column":2},"end":{"line":52,"column":3}},{"start":{},"end":{}}],"line":43},"2":{"loc":{"start":{"line":69,"column":2},"end":{"line":99,"column":3}},"type":"if","locations":[{"start":{"line":69,"column":2},"end":{"line":99,"column":3}},{"start":{},"end":{}}],"line":69},"3":{"loc":{"start":{"line":72,"column":8},"end":{"line":94,"column":9}},"type":"if","locations":[{"start":{"line":72,"column":8},"end":{"line":94,"column":9}},{"start":{},"end":{}}],"line":72},"4":{"loc":{"start":{"line":108,"column":2},"end":{"line":138,"column":3}},"type":"if","locations":[{"start":{"line":108,"column":2},"end":{"line":138,"column":3}},{"start":{},"end":{}}],"line":108},"5":{"loc":{"start":{"line":111,"column":8},"end":{"line":133,"column":9}},"type":"if","locations":[{"start":{"line":111,"column":8},"end":{"line":133,"column":9}},{"start":{},"end":{}}],"line":111},"6":{"loc":{"start":{"line":147,"column":2},"end":{"line":177,"column":3}},"type":"if","locations":[{"start":{"line":147,"column":2},"end":{"line":177,"column":3}},{"start":{},"end":{}}],"line":147},"7":{"loc":{"start":{"line":150,"column":8},"end":{"line":172,"column":9}},"type":"if","locations":[{"start":{"line":150,"column":8},"end":{"line":172,"column":9}},{"start":{},"end":{}}],"line":150},"8":{"loc":{"start":{"line":198,"column":4},"end":{"line":238,"column":5}},"type":"if","locations":[{"start":{"line":198,"column":4},"end":{"line":238,"column":5}},{"start":{},"end":{}}],"line":198},"9":{"loc":{"start":{"line":233,"column":10},"end":{"line":235,"column":11}},"type":"if","locations":[{"start":{"line":233,"column":10},"end":{"line":235,"column":11}},{"start":{},"end":{}}],"line":233},"10":{"loc":{"start":{"line":253,"column":2},"end":{"line":293,"column":3}},"type":"if","locations":[{"start":{"line":253,"column":2},"end":{"line":293,"column":3}},{"start":{},"end":{}}],"line":253},"11":{"loc":{"start":{"line":288,"column":8},"end":{"line":290,"column":9}},"type":"if","locations":[{"start":{"line":288,"column":8},"end":{"line":290,"column":9}},{"start":{},"end":{}}],"line":288}},"s":{"0":2,"1":1,"2":1,"3":1,"4":7,"5":7,"6":7,"7":35,"8":7,"9":35,"10":7,"11":7,"12":7,"13":7,"14":24,"15":7,"16":7,"17":7,"18":7,"19":1,"20":2,"21":1,"22":1,"23":1,"24":1,"25":1,"26":1,"27":5,"28":1,"29":5,"30":1,"31":1,"32":1,"33":1,"34":3,"35":1,"36":1,"37":2,"38":0,"39":0,"40":0,"41":0,"42":0,"43":0,"44":0,"45":0,"46":0,"47":0,"48":0,"49":0,"50":0,"51":0,"52":0,"53":0,"54":0,"55":0,"56":0,"57":0,"58":0,"59":2,"60":0,"61":0,"62":0,"63":0,"64":0,"65":0,"66":0,"67":0,"68":0,"69":0,"70":0,"71":0,"72":0,"73":0,"74":0,"75":0,"76":0,"77":0,"78":0,"79":0,"80":0,"81":2,"82":0,"83":0,"84":0,"85":0,"86":0,"87":0,"88":0,"89":0,"90":0,"91":0,"92":0,"93":0,"94":0,"95":0,"96":0,"97":0,"98":0,"99":0,"100":0,"101":0,"102":0,"103":2,"104":1,"105":1,"106":1,"107":1,"108":1,"109":1,"110":1,"111":5,"112":3,"113":1,"114":0,"115":2,"116":1,"117":1,"118":1,"119":1,"120":1,"121":1,"122":1,"123":1,"124":1,"125":1,"126":5,"127":3,"128":1},"f":{"0":1,"1":7,"2":35,"3":35,"4":1,"5":5,"6":5,"7":0,"8":0,"9":0,"10":0,"11":0,"12":0,"13":0,"14":0,"15":0,"16":0,"17":0,"18":0,"19":1,"20":5,"21":1,"22":5},"b":{"0":[7,0],"1":[1,0],"2":[0,0],"3":[0,0],"4":[0,0],"5":[0,0],"6":[0,0],"7":[0,0],"8":[1,0],"9":[3,2],"10":[1,0],"11":[3,2]},"_coverageSchema":"1a1c01bbd47fc00a2c39e90264f33305004495a9","hash":"fef9d3dad9ab71df0b6d1e2914ddd0e2fe575acc"}
,"/Users/retr0/Coding/espaza/backend/controllers/user/index.js": {"path":"/Users/retr0/Coding/espaza/backend/controllers/user/index.js","statementMap":{"0":{"start":{"line":3,"column":27},"end":{"line":7,"column":1}},"1":{"start":{"line":4,"column":14},"end":{"line":4,"column":37}},"2":{"start":{"line":5,"column":2},"end":{"line":5,"column":48}},"3":{"start":{"line":5,"column":30},"end":{"line":5,"column":46}},"4":{"start":{"line":6,"column":2},"end":{"line":6,"column":15}},"5":{"start":{"line":9,"column":27},"end":{"line":13,"column":1}},"6":{"start":{"line":10,"column":13},"end":{"line":10,"column":53}},"7":{"start":{"line":11,"column":2},"end":{"line":11,"column":26}},"8":{"start":{"line":12,"column":2},"end":{"line":12,"column":14}},"9":{"start":{"line":15,"column":26},"end":{"line":22,"column":1}},"10":{"start":{"line":16,"column":13},"end":{"line":16,"column":53}},"11":{"start":{"line":17,"column":2},"end":{"line":21,"column":3}},"12":{"start":{"line":18,"column":4},"end":{"line":18,"column":29}},"13":{"start":{"line":19,"column":4},"end":{"line":19,"column":29}},"14":{"start":{"line":20,"column":4},"end":{"line":20,"column":28}},"15":{"start":{"line":24,"column":30},"end":{"line":28,"column":1}},"16":{"start":{"line":25,"column":13},"end":{"line":25,"column":53}},"17":{"start":{"line":26,"column":2},"end":{"line":26,"column":20}},"18":{"start":{"line":27,"column":2},"end":{"line":27,"column":14}}},"fnMap":{"0":{"name":"(anonymous_0)","decl":{"start":{"line":3,"column":27},"end":{"line":3,"column":28}},"loc":{"start":{"line":3,"column":39},"end":{"line":7,"column":1}},"line":3},"1":{"name":"(anonymous_1)","decl":{"start":{"line":5,"column":20},"end":{"line":5,"column":21}},"loc":{"start":{"line":5,"column":30},"end":{"line":5,"column":46}},"line":5},"2":{"name":"(anonymous_2)","decl":{"start":{"line":9,"column":27},"end":{"line":9,"column":28}},"loc":{"start":{"line":9,"column":41},"end":{"line":13,"column":1}},"line":9},"3":{"name":"(anonymous_3)","decl":{"start":{"line":15,"column":26},"end":{"line":15,"column":27}},"loc":{"start":{"line":15,"column":49},"end":{"line":22,"column":1}},"line":15},"4":{"name":"(anonymous_4)","decl":{"start":{"line":24,"column":30},"end":{"line":24,"column":31}},"loc":{"start":{"line":24,"column":44},"end":{"line":28,"column":1}},"line":24}},"branchMap":{"0":{"loc":{"start":{"line":17,"column":2},"end":{"line":21,"column":3}},"type":"if","locations":[{"start":{"line":17,"column":2},"end":{"line":21,"column":3}},{"start":{},"end":{}}],"line":17}},"s":{"0":2,"1":1,"2":1,"3":1,"4":1,"5":2,"6":10,"7":10,"8":10,"9":2,"10":1,"11":1,"12":1,"13":1,"14":1,"15":2,"16":0,"17":0,"18":0},"f":{"0":1,"1":1,"2":10,"3":1,"4":0},"b":{"0":[1,0]},"_coverageSchema":"1a1c01bbd47fc00a2c39e90264f33305004495a9","hash":"192f69ef0c7f96faddf27e2240a208dfac0647c1"}
,"/Users/retr0/Coding/espaza/backend/models/index.js": {"path":"/Users/retr0/Coding/espaza/backend/models/index.js","statementMap":{"0":{"start":{"line":1,"column":35},"end":{"line":6,"column":1}},"1":{"start":{"line":3,"column":2},"end":{"line":3,"column":53}},"2":{"start":{"line":5,"column":2},"end":{"line":5,"column":30}},"3":{"start":{"line":8,"column":33},"end":{"line":19,"column":1}},"4":{"start":{"line":10,"column":2},"end":{"line":18,"column":3}},"5":{"start":{"line":11,"column":4},"end":{"line":11,"column":41}},"6":{"start":{"line":12,"column":4},"end":{"line":12,"column":40}},"7":{"start":{"line":13,"column":4},"end":{"line":13,"column":40}},"8":{"start":{"line":14,"column":4},"end":{"line":14,"column":40}},"9":{"start":{"line":15,"column":4},"end":{"line":15,"column":41}},"10":{"start":{"line":17,"column":4},"end":{"line":17,"column":23}}},"fnMap":{"0":{"name":"(anonymous_0)","decl":{"start":{"line":1,"column":35},"end":{"line":1,"column":36}},"loc":{"start":{"line":1,"column":43},"end":{"line":6,"column":1}},"line":1},"1":{"name":"(anonymous_1)","decl":{"start":{"line":8,"column":33},"end":{"line":8,"column":34}},"loc":{"start":{"line":8,"column":47},"end":{"line":19,"column":1}},"line":8}},"branchMap":{},"s":{"0":5,"1":5,"2":5,"3":5,"4":0,"5":0,"6":0,"7":0,"8":0,"9":0,"10":0},"f":{"0":5,"1":0},"b":{},"_coverageSchema":"1a1c01bbd47fc00a2c39e90264f33305004495a9","hash":"d0c232b009466593f753885d166d4759021be164"}
,"/Users/retr0/Coding/espaza/backend/models/order/index.js": {"path":"/Users/retr0/Coding/espaza/backend/models/order/index.js","statementMap":{"0":{"start":{"line":6,"column":16},"end":{"line":26,"column":4}},"1":{"start":{"line":28,"column":2},"end":{"line":28,"column":15}}},"fnMap":{"0":{"name":"defineOrderModel","decl":{"start":{"line":5,"column":24},"end":{"line":5,"column":40}},"loc":{"start":{"line":5,"column":52},"end":{"line":29,"column":1}},"line":5}},"branchMap":{},"s":{"0":5,"1":5},"f":{"0":5},"b":{},"_coverageSchema":"1a1c01bbd47fc00a2c39e90264f33305004495a9","hash":"f064e0c18d49c67eb9b60844995afa15d8fd9a13"}
}
