{"/Users/retr0/Coding/espaza/backend/index.js": {"path":"/Users/retr0/Coding/espaza/backend/index.js","statementMap":{"0":{"start":{"line":22,"column":0},"end":{"line":22,"column":16}},"1":{"start":{"line":24,"column":19},"end":{"line":24,"column":28}},"2":{"start":{"line":26,"column":0},"end":{"line":26,"column":24}},"3":{"start":{"line":28,"column":0},"end":{"line":44,"column":3}},"4":{"start":{"line":29,"column":2},"end":{"line":29,"column":49}},"5":{"start":{"line":30,"column":2},"end":{"line":33,"column":4}},"6":{"start":{"line":34,"column":2},"end":{"line":37,"column":4}},"7":{"start":{"line":38,"column":2},"end":{"line":38,"column":55}},"8":{"start":{"line":39,"column":2},"end":{"line":43,"column":3}},"9":{"start":{"line":40,"column":4},"end":{"line":40,"column":24}},"10":{"start":{"line":42,"column":4},"end":{"line":42,"column":11}},"11":{"start":{"line":58,"column":2},"end":{"line":67,"column":8}},"12":{"start":{"line":69,"column":18},"end":{"line":80,"column":1}},"13":{"start":{"line":82,"column":18},"end":{"line":82,"column":20}},"14":{"start":{"line":83,"column":0},"end":{"line":83,"column":25}},"15":{"start":{"line":84,"column":0},"end":{"line":84,"column":25}},"16":{"start":{"line":90,"column":17},"end":{"line":90,"column":43}},"17":{"start":{"line":91,"column":17},"end":{"line":91,"column":43}},"18":{"start":{"line":92,"column":0},"end":{"line":92,"column":37}},"19":{"start":{"line":93,"column":0},"end":{"line":93,"column":45}},"20":{"start":{"line":94,"column":0},"end":{"line":94,"column":41}},"21":{"start":{"line":95,"column":0},"end":{"line":95,"column":15}},"22":{"start":{"line":96,"column":0},"end":{"line":96,"column":15}},"23":{"start":{"line":97,"column":0},"end":{"line":97,"column":45}},"24":{"start":{"line":98,"column":0},"end":{"line":98,"column":39}},"25":{"start":{"line":99,"column":0},"end":{"line":99,"column":47}},"26":{"start":{"line":100,"column":0},"end":{"line":100,"column":39}},"27":{"start":{"line":103,"column":0},"end":{"line":103,"column":24}}},"fnMap":{"0":{"name":"(anonymous_0)","decl":{"start":{"line":28,"column":8},"end":{"line":28,"column":9}},"loc":{"start":{"line":28,"column":34},"end":{"line":44,"column":1}},"line":28}},"branchMap":{"0":{"loc":{"start":{"line":39,"column":2},"end":{"line":43,"column":3}},"type":"if","locations":[{"start":{"line":39,"column":2},"end":{"line":43,"column":3}},{"start":{"line":41,"column":9},"end":{"line":43,"column":3}}],"line":39},"1":{"loc":{"start":{"line":58,"column":2},"end":{"line":67,"column":8}},"type":"cond-expr","locations":[{"start":{"line":59,"column":6},"end":{"line":66,"column":7}},{"start":{"line":67,"column":6},"end":{"line":67,"column":8}}],"line":58},"2":{"loc":{"start":{"line":71,"column":2},"end":{"line":71,"column":77}},"type":"cond-expr","locations":[{"start":{"line":71,"column":41},"end":{"line":71,"column":64}},{"start":{"line":71,"column":67},"end":{"line":71,"column":77}}],"line":71},"3":{"loc":{"start":{"line":72,"column":2},"end":{"line":72,"column":69}},"type":"cond-expr","locations":[{"start":{"line":72,"column":41},"end":{"line":72,"column":64}},{"start":{"line":72,"column":67},"end":{"line":72,"column":69}}],"line":72},"4":{"loc":{"start":{"line":75,"column":6},"end":{"line":75,"column":78}},"type":"cond-expr","locations":[{"start":{"line":75,"column":45},"end":{"line":75,"column":64}},{"start":{"line":75,"column":67},"end":{"line":75,"column":78}}],"line":75}},"s":{"0":5,"1":5,"2":5,"3":5,"4":0,"5":0,"6":0,"7":0,"8":0,"9":0,"10":0,"11":5,"12":5,"13":5,"14":5,"15":5,"16":5,"17":5,"18":5,"19":5,"20":5,"21":5,"22":5,"23":5,"24":5,"25":5,"26":5,"27":5},"f":{"0":0},"b":{"0":[0,0],"1":[0,5],"2":[0,5],"3":[0,5],"4":[0,5]},"_coverageSchema":"1a1c01bbd47fc00a2c39e90264f33305004495a9","hash":"902b1aef3d1dfddc8f5f65d780f750a126711a77"}
,"/Users/retr0/Coding/espaza/backend/authentication/passport.js": {"path":"/Users/retr0/Coding/espaza/backend/authentication/passport.js","statementMap":{"0":{"start":{"line":5,"column":0},"end":{"line":5,"column":16}},"1":{"start":{"line":7,"column":23},"end":{"line":7,"column":40}},"2":{"start":{"line":9,"column":0},"end":{"line":22,"column":2}},"3":{"start":{"line":19,"column":6},"end":{"line":19,"column":33}},"4":{"start":{"line":24,"column":0},"end":{"line":26,"column":3}},"5":{"start":{"line":25,"column":2},"end":{"line":25,"column":19}},"6":{"start":{"line":28,"column":0},"end":{"line":30,"column":3}},"7":{"start":{"line":29,"column":2},"end":{"line":29,"column":19}}},"fnMap":{"0":{"name":"(anonymous_0)","decl":{"start":{"line":16,"column":4},"end":{"line":16,"column":5}},"loc":{"start":{"line":16,"column":50},"end":{"line":20,"column":5}},"line":16},"1":{"name":"(anonymous_1)","decl":{"start":{"line":24,"column":23},"end":{"line":24,"column":24}},"loc":{"start":{"line":24,"column":39},"end":{"line":26,"column":1}},"line":24},"2":{"name":"(anonymous_2)","decl":{"start":{"line":28,"column":25},"end":{"line":28,"column":26}},"loc":{"start":{"line":28,"column":41},"end":{"line":30,"column":1}},"line":28}},"branchMap":{},"s":{"0":5,"1":5,"2":5,"3":0,"4":5,"5":0,"6":5,"7":0},"f":{"0":0,"1":0,"2":0},"b":{},"_coverageSchema":"1a1c01bbd47fc00a2c39e90264f33305004495a9","hash":"eaba100145dd614104fe61b06b70fe5f9a29f8e8"}
,"/Users/retr0/Coding/espaza/backend/authentication/controllers/AuthController.js": {"path":"/Users/retr0/Coding/espaza/backend/authentication/controllers/AuthController.js","statementMap":{"0":{"start":{"line":7,"column":0},"end":{"line":7,"column":16}},"1":{"start":{"line":10,"column":2},"end":{"line":29,"column":3}},"2":{"start":{"line":11,"column":21},"end":{"line":11,"column":38}},"3":{"start":{"line":12,"column":17},"end":{"line":18,"column":5}},"4":{"start":{"line":19,"column":4},"end":{"line":25,"column":5}},"5":{"start":{"line":20,"column":22},"end":{"line":20,"column":53}},"6":{"start":{"line":21,"column":6},"end":{"line":21,"column":32}},"7":{"start":{"line":23,"column":19},"end":{"line":23,"column":73}},"8":{"start":{"line":24,"column":6},"end":{"line":24,"column":29}},"9":{"start":{"line":27,"column":4},"end":{"line":27,"column":49}},"10":{"start":{"line":28,"column":4},"end":{"line":28,"column":16}}},"fnMap":{"0":{"name":"signup","decl":{"start":{"line":9,"column":22},"end":{"line":9,"column":28}},"loc":{"start":{"line":9,"column":55},"end":{"line":30,"column":1}},"line":9}},"branchMap":{"0":{"loc":{"start":{"line":9,"column":36},"end":{"line":9,"column":53}},"type":"default-arg","locations":[{"start":{"line":9,"column":43},"end":{"line":9,"column":53}}],"line":9}},"s":{"0":2,"1":2,"2":2,"3":2,"4":2,"5":2,"6":0,"7":2,"8":2,"9":0,"10":0},"f":{"0":2},"b":{"0":[2]},"_coverageSchema":"1a1c01bbd47fc00a2c39e90264f33305004495a9","hash":"efd68cdcfd1712407639cbf91334e436d0e29e34"}
,"/Users/retr0/Coding/espaza/backend/common/models/Category.js": {"path":"/Users/retr0/Coding/espaza/backend/common/models/Category.js","statementMap":{"0":{"start":{"line":4,"column":0},"end":{"line":4,"column":16}},"1":{"start":{"line":7,"column":19},"end":{"line":38,"column":3}},"2":{"start":{"line":42,"column":2},"end":{"line":42,"column":22}}},"fnMap":{"0":{"name":"defineCategoryModel","decl":{"start":{"line":6,"column":24},"end":{"line":6,"column":43}},"loc":{"start":{"line":6,"column":55},"end":{"line":43,"column":1}},"line":6}},"branchMap":{},"s":{"0":5,"1":5,"2":5},"f":{"0":5},"b":{},"_coverageSchema":"1a1c01bbd47fc00a2c39e90264f33305004495a9","hash":"a6acd72757149b0bf45837eeabcaa33fcf73c57f"}
,"/Users/retr0/Coding/espaza/backend/common/models/Color.js": {"path":"/Users/retr0/Coding/espaza/backend/common/models/Color.js","statementMap":{"0":{"start":{"line":4,"column":16},"end":{"line":20,"column":3}},"1":{"start":{"line":24,"column":2},"end":{"line":24,"column":19}}},"fnMap":{"0":{"name":"defineColorModel","decl":{"start":{"line":3,"column":24},"end":{"line":3,"column":40}},"loc":{"start":{"line":3,"column":52},"end":{"line":25,"column":1}},"line":3}},"branchMap":{},"s":{"0":5,"1":5},"f":{"0":5},"b":{},"_coverageSchema":"1a1c01bbd47fc00a2c39e90264f33305004495a9","hash":"4582250295d30b7e2b86ce0ae7e1462526077262"}
,"/Users/retr0/Coding/espaza/backend/common/models/Gender.js": {"path":"/Users/retr0/Coding/espaza/backend/common/models/Gender.js","statementMap":{"0":{"start":{"line":4,"column":17},"end":{"line":26,"column":3}},"1":{"start":{"line":30,"column":2},"end":{"line":30,"column":20}}},"fnMap":{"0":{"name":"defineGenderModel","decl":{"start":{"line":3,"column":24},"end":{"line":3,"column":41}},"loc":{"start":{"line":3,"column":53},"end":{"line":31,"column":1}},"line":3}},"branchMap":{},"s":{"0":5,"1":5},"f":{"0":5},"b":{},"_coverageSchema":"1a1c01bbd47fc00a2c39e90264f33305004495a9","hash":"99dc11f0bf8a3efc28dea6eb3fe146c5ef790384"}
,"/Users/retr0/Coding/espaza/backend/common/models/ItemColor.js": {"path":"/Users/retr0/Coding/espaza/backend/common/models/ItemColor.js","statementMap":{"0":{"start":{"line":6,"column":0},"end":{"line":6,"column":16}},"1":{"start":{"line":9,"column":20},"end":{"line":36,"column":3}},"2":{"start":{"line":40,"column":2},"end":{"line":40,"column":23}}},"fnMap":{"0":{"name":"defineItemColorModel","decl":{"start":{"line":8,"column":24},"end":{"line":8,"column":44}},"loc":{"start":{"line":8,"column":56},"end":{"line":41,"column":1}},"line":8}},"branchMap":{},"s":{"0":5,"1":5,"2":5},"f":{"0":5},"b":{},"_coverageSchema":"1a1c01bbd47fc00a2c39e90264f33305004495a9","hash":"7f342d0dd048b1535d575be9e97a708429b52dcc"}
,"/Users/retr0/Coding/espaza/backend/common/models/ItemSize.js": {"path":"/Users/retr0/Coding/espaza/backend/common/models/ItemSize.js","statementMap":{"0":{"start":{"line":7,"column":0},"end":{"line":7,"column":16}},"1":{"start":{"line":10,"column":19},"end":{"line":44,"column":3}},"2":{"start":{"line":48,"column":17},"end":{"line":60,"column":3}},"3":{"start":{"line":49,"column":4},"end":{"line":59,"column":5}},"4":{"start":{"line":50,"column":24},"end":{"line":55,"column":8}},"5":{"start":{"line":56,"column":6},"end":{"line":56,"column":35}},"6":{"start":{"line":58,"column":6},"end":{"line":58,"column":54}},"7":{"start":{"line":62,"column":20},"end":{"line":90,"column":3}},"8":{"start":{"line":63,"column":4},"end":{"line":63,"column":25}},"9":{"start":{"line":64,"column":15},"end":{"line":64,"column":19}},"10":{"start":{"line":65,"column":4},"end":{"line":89,"column":5}},"11":{"start":{"line":66,"column":6},"end":{"line":68,"column":9}},"12":{"start":{"line":69,"column":6},"end":{"line":84,"column":7}},"13":{"start":{"line":70,"column":8},"end":{"line":74,"column":11}},"14":{"start":{"line":76,"column":8},"end":{"line":83,"column":10}},"15":{"start":{"line":86,"column":6},"end":{"line":86,"column":18}},"16":{"start":{"line":88,"column":6},"end":{"line":88,"column":52}},"17":{"start":{"line":92,"column":2},"end":{"line":92,"column":41}}},"fnMap":{"0":{"name":"defineItemSizeModel","decl":{"start":{"line":9,"column":24},"end":{"line":9,"column":43}},"loc":{"start":{"line":9,"column":55},"end":{"line":93,"column":1}},"line":9},"1":{"name":"(anonymous_1)","decl":{"start":{"line":48,"column":17},"end":{"line":48,"column":18}},"loc":{"start":{"line":48,"column":36},"end":{"line":60,"column":3}},"line":48},"2":{"name":"(anonymous_2)","decl":{"start":{"line":62,"column":20},"end":{"line":62,"column":21}},"loc":{"start":{"line":62,"column":39},"end":{"line":90,"column":3}},"line":62}},"branchMap":{"0":{"loc":{"start":{"line":69,"column":6},"end":{"line":84,"column":7}},"type":"if","locations":[{"start":{"line":69,"column":6},"end":{"line":84,"column":7}},{"start":{"line":75,"column":13},"end":{"line":84,"column":7}}],"line":69}},"s":{"0":5,"1":9,"2":9,"3":145,"4":145,"5":145,"6":0,"7":9,"8":6,"9":6,"10":6,"11":6,"12":6,"13":3,"14":3,"15":6,"16":0,"17":9},"f":{"0":9,"1":145,"2":6},"b":{"0":[3,3]},"_coverageSchema":"1a1c01bbd47fc00a2c39e90264f33305004495a9","hash":"f9ab0975226aa12129c74735e8eee0ef6eb60cac"}
,"/Users/retr0/Coding/espaza/backend/common/models/Items.js": {"path":"/Users/retr0/Coding/espaza/backend/common/models/Items.js","statementMap":{"0":{"start":{"line":7,"column":0},"end":{"line":7,"column":16}},"1":{"start":{"line":22,"column":15},"end":{"line":71,"column":4}},"2":{"start":{"line":74,"column":21},"end":{"line":82,"column":3}},"3":{"start":{"line":75,"column":4},"end":{"line":81,"column":5}},"4":{"start":{"line":76,"column":22},"end":{"line":76,"column":45}},"5":{"start":{"line":77,"column":6},"end":{"line":77,"column":21}},"6":{"start":{"line":79,"column":6},"end":{"line":79,"column":49}},"7":{"start":{"line":84,"column":21},"end":{"line":92,"column":3}},"8":{"start":{"line":85,"column":4},"end":{"line":91,"column":5}},"9":{"start":{"line":86,"column":26},"end":{"line":86,"column":75}},"10":{"start":{"line":87,"column":6},"end":{"line":87,"column":25}},"11":{"start":{"line":89,"column":6},"end":{"line":89,"column":51}},"12":{"start":{"line":94,"column":19},"end":{"line":104,"column":3}},"13":{"start":{"line":95,"column":4},"end":{"line":103,"column":5}},"14":{"start":{"line":96,"column":20},"end":{"line":98,"column":8}},"15":{"start":{"line":99,"column":6},"end":{"line":99,"column":19}},"16":{"start":{"line":101,"column":6},"end":{"line":101,"column":54}},"17":{"start":{"line":106,"column":22},"end":{"line":117,"column":3}},"18":{"start":{"line":107,"column":4},"end":{"line":116,"column":5}},"19":{"start":{"line":109,"column":19},"end":{"line":111,"column":8}},"20":{"start":{"line":112,"column":6},"end":{"line":112,"column":18}},"21":{"start":{"line":114,"column":6},"end":{"line":114,"column":53}},"22":{"start":{"line":119,"column":29},"end":{"line":131,"column":3}},"23":{"start":{"line":120,"column":4},"end":{"line":130,"column":5}},"24":{"start":{"line":121,"column":20},"end":{"line":125,"column":8}},"25":{"start":{"line":126,"column":6},"end":{"line":126,"column":19}},"26":{"start":{"line":128,"column":6},"end":{"line":128,"column":54}},"27":{"start":{"line":133,"column":27},"end":{"line":145,"column":3}},"28":{"start":{"line":134,"column":4},"end":{"line":144,"column":5}},"29":{"start":{"line":135,"column":20},"end":{"line":139,"column":8}},"30":{"start":{"line":140,"column":6},"end":{"line":140,"column":19}},"31":{"start":{"line":142,"column":6},"end":{"line":142,"column":54}},"32":{"start":{"line":147,"column":2},"end":{"line":155,"column":4}}},"fnMap":{"0":{"name":"defineItemModel","decl":{"start":{"line":21,"column":24},"end":{"line":21,"column":39}},"loc":{"start":{"line":21,"column":51},"end":{"line":156,"column":1}},"line":21},"1":{"name":"(anonymous_1)","decl":{"start":{"line":74,"column":21},"end":{"line":74,"column":22}},"loc":{"start":{"line":74,"column":37},"end":{"line":82,"column":3}},"line":74},"2":{"name":"(anonymous_2)","decl":{"start":{"line":84,"column":21},"end":{"line":84,"column":22}},"loc":{"start":{"line":84,"column":39},"end":{"line":92,"column":3}},"line":84},"3":{"name":"(anonymous_3)","decl":{"start":{"line":94,"column":19},"end":{"line":94,"column":20}},"loc":{"start":{"line":94,"column":31},"end":{"line":104,"column":3}},"line":94},"4":{"name":"(anonymous_4)","decl":{"start":{"line":106,"column":22},"end":{"line":106,"column":23}},"loc":{"start":{"line":106,"column":40},"end":{"line":117,"column":3}},"line":106},"5":{"name":"(anonymous_5)","decl":{"start":{"line":119,"column":29},"end":{"line":119,"column":30}},"loc":{"start":{"line":119,"column":51},"end":{"line":131,"column":3}},"line":119},"6":{"name":"(anonymous_6)","decl":{"start":{"line":133,"column":27},"end":{"line":133,"column":28}},"loc":{"start":{"line":133,"column":47},"end":{"line":145,"column":3}},"line":133}},"branchMap":{},"s":{"0":5,"1":5,"2":5,"3":0,"4":0,"5":0,"6":0,"7":5,"8":0,"9":0,"10":0,"11":0,"12":5,"13":0,"14":0,"15":0,"16":0,"17":5,"18":0,"19":0,"20":0,"21":0,"22":5,"23":0,"24":0,"25":0,"26":0,"27":5,"28":0,"29":0,"30":0,"31":0,"32":5},"f":{"0":5,"1":0,"2":0,"3":0,"4":0,"5":0,"6":0},"b":{},"_coverageSchema":"1a1c01bbd47fc00a2c39e90264f33305004495a9","hash":"9bca70ec4c7aac3b8cdc8452aab2793e4c5be501"}
,"/Users/retr0/Coding/espaza/backend/common/models/Size.js": {"path":"/Users/retr0/Coding/espaza/backend/common/models/Size.js","statementMap":{"0":{"start":{"line":4,"column":15},"end":{"line":21,"column":3}},"1":{"start":{"line":25,"column":2},"end":{"line":25,"column":18}}},"fnMap":{"0":{"name":"defineSizeModel","decl":{"start":{"line":3,"column":24},"end":{"line":3,"column":39}},"loc":{"start":{"line":3,"column":51},"end":{"line":26,"column":1}},"line":3}},"branchMap":{},"s":{"0":5,"1":5},"f":{"0":5},"b":{},"_coverageSchema":"1a1c01bbd47fc00a2c39e90264f33305004495a9","hash":"d24f25d96835c80549dcc4cad0e2c5ac5b56ab76"}
,"/Users/retr0/Coding/espaza/backend/common/models/User.js": {"path":"/Users/retr0/Coding/espaza/backend/common/models/User.js","statementMap":{"0":{"start":{"line":6,"column":15},"end":{"line":28,"column":4}},"1":{"start":{"line":30,"column":2},"end":{"line":30,"column":14}},"2":{"start":{"line":34,"column":26},"end":{"line":42,"column":1}},"3":{"start":{"line":35,"column":2},"end":{"line":41,"column":3}},"4":{"start":{"line":36,"column":20},"end":{"line":36,"column":43}},"5":{"start":{"line":37,"column":4},"end":{"line":37,"column":19}},"6":{"start":{"line":39,"column":4},"end":{"line":39,"column":49}},"7":{"start":{"line":40,"column":4},"end":{"line":40,"column":16}}},"fnMap":{"0":{"name":"defineUserModel","decl":{"start":{"line":5,"column":24},"end":{"line":5,"column":39}},"loc":{"start":{"line":5,"column":51},"end":{"line":31,"column":1}},"line":5},"1":{"name":"(anonymous_1)","decl":{"start":{"line":34,"column":26},"end":{"line":34,"column":27}},"loc":{"start":{"line":34,"column":48},"end":{"line":42,"column":1}},"line":34}},"branchMap":{},"s":{"0":5,"1":5,"2":5,"3":2,"4":2,"5":0,"6":2,"7":2},"f":{"0":5,"1":2},"b":{},"_coverageSchema":"1a1c01bbd47fc00a2c39e90264f33305004495a9","hash":"3c9e2cd2c68ee52f40635106744ce92927ad78db"}
,"/Users/retr0/Coding/espaza/backend/controllers/checkout/index.js": {"path":"/Users/retr0/Coding/espaza/backend/controllers/checkout/index.js","statementMap":{"0":{"start":{"line":4,"column":27},"end":{"line":16,"column":1}},"1":{"start":{"line":5,"column":18},"end":{"line":8,"column":3}},"2":{"start":{"line":9,"column":2},"end":{"line":15,"column":3}},"3":{"start":{"line":10,"column":18},"end":{"line":10,"column":48}},"4":{"start":{"line":11,"column":4},"end":{"line":11,"column":33}},"5":{"start":{"line":12,"column":4},"end":{"line":12,"column":17}},"6":{"start":{"line":14,"column":4},"end":{"line":14,"column":21}},"7":{"start":{"line":18,"column":21},"end":{"line":26,"column":1}},"8":{"start":{"line":19,"column":14},"end":{"line":23,"column":3}},"9":{"start":{"line":25,"column":2},"end":{"line":25,"column":13}},"10":{"start":{"line":28,"column":24},"end":{"line":31,"column":1}},"11":{"start":{"line":29,"column":16},"end":{"line":29,"column":66}},"12":{"start":{"line":30,"column":2},"end":{"line":30,"column":27}},"13":{"start":{"line":33,"column":29},"end":{"line":49,"column":1}},"14":{"start":{"line":34,"column":2},"end":{"line":48,"column":3}},"15":{"start":{"line":35,"column":17},"end":{"line":35,"column":74}},"16":{"start":{"line":36,"column":4},"end":{"line":36,"column":52}},"17":{"start":{"line":36,"column":34},"end":{"line":36,"column":50}},"18":{"start":{"line":37,"column":20},"end":{"line":37,"column":67}},"19":{"start":{"line":37,"column":42},"end":{"line":37,"column":66}},"20":{"start":{"line":38,"column":16},"end":{"line":41,"column":8}},"21":{"start":{"line":43,"column":4},"end":{"line":43,"column":49}},"22":{"start":{"line":43,"column":32},"end":{"line":43,"column":48}},"23":{"start":{"line":44,"column":4},"end":{"line":44,"column":22}},"24":{"start":{"line":45,"column":4},"end":{"line":45,"column":27}},"25":{"start":{"line":47,"column":4},"end":{"line":47,"column":23}},"26":{"start":{"line":51,"column":28},"end":{"line":59,"column":1}},"27":{"start":{"line":52,"column":2},"end":{"line":58,"column":3}},"28":{"start":{"line":53,"column":17},"end":{"line":53,"column":41}},"29":{"start":{"line":54,"column":4},"end":{"line":54,"column":52}},"30":{"start":{"line":54,"column":34},"end":{"line":54,"column":50}},"31":{"start":{"line":55,"column":4},"end":{"line":55,"column":18}},"32":{"start":{"line":57,"column":4},"end":{"line":57,"column":23}}},"fnMap":{"0":{"name":"(anonymous_0)","decl":{"start":{"line":4,"column":27},"end":{"line":4,"column":28}},"loc":{"start":{"line":4,"column":53},"end":{"line":16,"column":1}},"line":4},"1":{"name":"(anonymous_1)","decl":{"start":{"line":18,"column":21},"end":{"line":18,"column":22}},"loc":{"start":{"line":18,"column":41},"end":{"line":26,"column":1}},"line":18},"2":{"name":"(anonymous_2)","decl":{"start":{"line":20,"column":17},"end":{"line":20,"column":18}},"loc":{"start":{"line":20,"column":30},"end":{"line":22,"column":5}},"line":20},"3":{"name":"(anonymous_3)","decl":{"start":{"line":28,"column":24},"end":{"line":28,"column":25}},"loc":{"start":{"line":28,"column":43},"end":{"line":31,"column":1}},"line":28},"4":{"name":"(anonymous_4)","decl":{"start":{"line":33,"column":29},"end":{"line":33,"column":30}},"loc":{"start":{"line":33,"column":47},"end":{"line":49,"column":1}},"line":33},"5":{"name":"(anonymous_5)","decl":{"start":{"line":36,"column":24},"end":{"line":36,"column":25}},"loc":{"start":{"line":36,"column":34},"end":{"line":36,"column":50}},"line":36},"6":{"name":"(anonymous_6)","decl":{"start":{"line":37,"column":31},"end":{"line":37,"column":32}},"loc":{"start":{"line":37,"column":42},"end":{"line":37,"column":66}},"line":37},"7":{"name":"(anonymous_7)","decl":{"start":{"line":43,"column":22},"end":{"line":43,"column":23}},"loc":{"start":{"line":43,"column":32},"end":{"line":43,"column":48}},"line":43},"8":{"name":"(anonymous_8)","decl":{"start":{"line":51,"column":28},"end":{"line":51,"column":29}},"loc":{"start":{"line":51,"column":40},"end":{"line":59,"column":1}},"line":51},"9":{"name":"(anonymous_9)","decl":{"start":{"line":54,"column":24},"end":{"line":54,"column":25}},"loc":{"start":{"line":54,"column":34},"end":{"line":54,"column":50}},"line":54}},"branchMap":{},"s":{"0":1,"1":1,"2":1,"3":1,"4":1,"5":1,"6":0,"7":1,"8":1,"9":1,"10":1,"11":1,"12":1,"13":1,"14":1,"15":1,"16":1,"17":17,"18":1,"19":17,"20":1,"21":1,"22":1,"23":1,"24":1,"25":0,"26":1,"27":1,"28":1,"29":1,"30":17,"31":1,"32":0},"f":{"0":1,"1":1,"2":1,"3":1,"4":1,"5":17,"6":17,"7":1,"8":1,"9":17},"b":{},"_coverageSchema":"1a1c01bbd47fc00a2c39e90264f33305004495a9","hash":"e062f92c79bd9e60126511aa45318d8429b2d975"}
,"/Users/retr0/Coding/espaza/backend/controllers/search/index.js": {"path":"/Users/retr0/Coding/espaza/backend/controllers/search/index.js","statementMap":{"0":{"start":{"line":4,"column":27},"end":{"line":10,"column":1}},"1":{"start":{"line":5,"column":16},"end":{"line":7,"column":4}},"2":{"start":{"line":9,"column":2},"end":{"line":9,"column":15}}},"fnMap":{"0":{"name":"(anonymous_0)","decl":{"start":{"line":4,"column":27},"end":{"line":4,"column":28}},"loc":{"start":{"line":4,"column":44},"end":{"line":10,"column":1}},"line":4}},"branchMap":{},"s":{"0":1,"1":1,"2":1},"f":{"0":1},"b":{},"_coverageSchema":"1a1c01bbd47fc00a2c39e90264f33305004495a9","hash":"afb067658cdb4e673b19fbdd4caad38e3d7991de"}
,"/Users/retr0/Coding/espaza/backend/controllers/stock/index.js": {"path":"/Users/retr0/Coding/espaza/backend/controllers/stock/index.js","statementMap":{"0":{"start":{"line":4,"column":24},"end":{"line":36,"column":1}},"1":{"start":{"line":5,"column":17},"end":{"line":5,"column":40}},"2":{"start":{"line":6,"column":21},"end":{"line":6,"column":54}},"3":{"start":{"line":7,"column":16},"end":{"line":33,"column":3}},"4":{"start":{"line":9,"column":6},"end":{"line":31,"column":7}},"5":{"start":{"line":11,"column":21},"end":{"line":11,"column":37}},"6":{"start":{"line":12,"column":25},"end":{"line":17,"column":9}},"7":{"start":{"line":15,"column":14},"end":{"line":15,"column":78}},"8":{"start":{"line":18,"column":8},"end":{"line":18,"column":55}},"9":{"start":{"line":18,"column":49},"end":{"line":18,"column":53}},"10":{"start":{"line":19,"column":24},"end":{"line":21,"column":9}},"11":{"start":{"line":22,"column":25},"end":{"line":22,"column":26}},"12":{"start":{"line":23,"column":8},"end":{"line":25,"column":9}},"13":{"start":{"line":23,"column":21},"end":{"line":23,"column":22}},"14":{"start":{"line":24,"column":10},"end":{"line":24,"column":48}},"15":{"start":{"line":26,"column":8},"end":{"line":26,"column":32}},"16":{"start":{"line":27,"column":8},"end":{"line":27,"column":38}},"17":{"start":{"line":28,"column":8},"end":{"line":28,"column":40}},"18":{"start":{"line":30,"column":8},"end":{"line":30,"column":23}},"19":{"start":{"line":35,"column":2},"end":{"line":35,"column":15}},"20":{"start":{"line":38,"column":28},"end":{"line":63,"column":1}},"21":{"start":{"line":39,"column":15},"end":{"line":39,"column":63}},"22":{"start":{"line":40,"column":19},"end":{"line":40,"column":23}},"23":{"start":{"line":42,"column":2},"end":{"line":51,"column":3}},"24":{"start":{"line":44,"column":23},"end":{"line":44,"column":56}},"25":{"start":{"line":45,"column":17},"end":{"line":45,"column":33}},"26":{"start":{"line":46,"column":4},"end":{"line":50,"column":6}},"27":{"start":{"line":48,"column":24},"end":{"line":48,"column":76}},"28":{"start":{"line":52,"column":2},"end":{"line":52,"column":49}},"29":{"start":{"line":52,"column":43},"end":{"line":52,"column":47}},"30":{"start":{"line":53,"column":18},"end":{"line":56,"column":3}},"31":{"start":{"line":57,"column":19},"end":{"line":57,"column":20}},"32":{"start":{"line":58,"column":2},"end":{"line":60,"column":3}},"33":{"start":{"line":58,"column":15},"end":{"line":58,"column":16}},"34":{"start":{"line":59,"column":4},"end":{"line":59,"column":42}},"35":{"start":{"line":61,"column":2},"end":{"line":61,"column":34}},"36":{"start":{"line":62,"column":2},"end":{"line":62,"column":17}},"37":{"start":{"line":65,"column":24},"end":{"line":122,"column":1}},"38":{"start":{"line":66,"column":2},"end":{"line":121,"column":3}},"39":{"start":{"line":67,"column":15},"end":{"line":72,"column":6}},"40":{"start":{"line":74,"column":4},"end":{"line":74,"column":28}},"41":{"start":{"line":76,"column":4},"end":{"line":116,"column":5}},"42":{"start":{"line":79,"column":28},"end":{"line":79,"column":61}},"43":{"start":{"line":81,"column":25},"end":{"line":107,"column":7}},"44":{"start":{"line":109,"column":18},"end":{"line":115,"column":7}},"45":{"start":{"line":111,"column":10},"end":{"line":113,"column":11}},"46":{"start":{"line":112,"column":12},"end":{"line":112,"column":35}},"47":{"start":{"line":118,"column":4},"end":{"line":118,"column":16}},"48":{"start":{"line":120,"column":4},"end":{"line":120,"column":23}},"49":{"start":{"line":124,"column":34},"end":{"line":171,"column":1}},"50":{"start":{"line":125,"column":15},"end":{"line":125,"column":59}},"51":{"start":{"line":126,"column":2},"end":{"line":126,"column":27}},"52":{"start":{"line":127,"column":2},"end":{"line":127,"column":41}},"53":{"start":{"line":128,"column":2},"end":{"line":128,"column":29}},"54":{"start":{"line":129,"column":2},"end":{"line":169,"column":3}},"55":{"start":{"line":132,"column":26},"end":{"line":132,"column":59}},"56":{"start":{"line":134,"column":23},"end":{"line":160,"column":5}},"57":{"start":{"line":162,"column":16},"end":{"line":168,"column":5}},"58":{"start":{"line":164,"column":8},"end":{"line":166,"column":9}},"59":{"start":{"line":165,"column":10},"end":{"line":165,"column":33}},"60":{"start":{"line":170,"column":2},"end":{"line":170,"column":27}}},"fnMap":{"0":{"name":"(anonymous_0)","decl":{"start":{"line":4,"column":24},"end":{"line":4,"column":25}},"loc":{"start":{"line":4,"column":36},"end":{"line":36,"column":1}},"line":4},"1":{"name":"(anonymous_1)","decl":{"start":{"line":8,"column":15},"end":{"line":8,"column":16}},"loc":{"start":{"line":8,"column":31},"end":{"line":32,"column":5}},"line":8},"2":{"name":"(anonymous_2)","decl":{"start":{"line":14,"column":12},"end":{"line":14,"column":13}},"loc":{"start":{"line":15,"column":14},"end":{"line":15,"column":78}},"line":15},"3":{"name":"(anonymous_3)","decl":{"start":{"line":18,"column":39},"end":{"line":18,"column":40}},"loc":{"start":{"line":18,"column":49},"end":{"line":18,"column":53}},"line":18},"4":{"name":"(anonymous_4)","decl":{"start":{"line":38,"column":28},"end":{"line":38,"column":29}},"loc":{"start":{"line":38,"column":42},"end":{"line":63,"column":1}},"line":38},"5":{"name":"(anonymous_5)","decl":{"start":{"line":48,"column":8},"end":{"line":48,"column":9}},"loc":{"start":{"line":48,"column":24},"end":{"line":48,"column":76}},"line":48},"6":{"name":"(anonymous_6)","decl":{"start":{"line":52,"column":33},"end":{"line":52,"column":34}},"loc":{"start":{"line":52,"column":43},"end":{"line":52,"column":47}},"line":52},"7":{"name":"(anonymous_7)","decl":{"start":{"line":65,"column":24},"end":{"line":65,"column":25}},"loc":{"start":{"line":65,"column":43},"end":{"line":122,"column":1}},"line":65},"8":{"name":"(anonymous_8)","decl":{"start":{"line":110,"column":23},"end":{"line":110,"column":24}},"loc":{"start":{"line":110,"column":40},"end":{"line":114,"column":9}},"line":110},"9":{"name":"(anonymous_9)","decl":{"start":{"line":124,"column":34},"end":{"line":124,"column":35}},"loc":{"start":{"line":124,"column":61},"end":{"line":171,"column":1}},"line":124},"10":{"name":"(anonymous_10)","decl":{"start":{"line":163,"column":21},"end":{"line":163,"column":22}},"loc":{"start":{"line":163,"column":38},"end":{"line":167,"column":7}},"line":163}},"branchMap":{"0":{"loc":{"start":{"line":9,"column":6},"end":{"line":31,"column":7}},"type":"if","locations":[{"start":{"line":9,"column":6},"end":{"line":31,"column":7}},{"start":{},"end":{}}],"line":9},"1":{"loc":{"start":{"line":42,"column":2},"end":{"line":51,"column":3}},"type":"if","locations":[{"start":{"line":42,"column":2},"end":{"line":51,"column":3}},{"start":{},"end":{}}],"line":42},"2":{"loc":{"start":{"line":76,"column":4},"end":{"line":116,"column":5}},"type":"if","locations":[{"start":{"line":76,"column":4},"end":{"line":116,"column":5}},{"start":{},"end":{}}],"line":76},"3":{"loc":{"start":{"line":111,"column":10},"end":{"line":113,"column":11}},"type":"if","locations":[{"start":{"line":111,"column":10},"end":{"line":113,"column":11}},{"start":{},"end":{}}],"line":111},"4":{"loc":{"start":{"line":129,"column":2},"end":{"line":169,"column":3}},"type":"if","locations":[{"start":{"line":129,"column":2},"end":{"line":169,"column":3}},{"start":{},"end":{}}],"line":129},"5":{"loc":{"start":{"line":164,"column":8},"end":{"line":166,"column":9}},"type":"if","locations":[{"start":{"line":164,"column":8},"end":{"line":166,"column":9}},{"start":{},"end":{}}],"line":164}},"s":{"0":1,"1":1,"2":1,"3":1,"4":28,"5":28,"6":28,"7":140,"8":28,"9":140,"10":28,"11":28,"12":28,"13":28,"14":83,"15":28,"16":28,"17":28,"18":28,"19":1,"20":1,"21":1,"22":1,"23":1,"24":1,"25":1,"26":1,"27":5,"28":1,"29":5,"30":1,"31":1,"32":1,"33":1,"34":3,"35":1,"36":1,"37":1,"38":1,"39":1,"40":1,"41":1,"42":1,"43":1,"44":1,"45":5,"46":3,"47":1,"48":0,"49":1,"50":1,"51":1,"52":1,"53":1,"54":1,"55":1,"56":1,"57":1,"58":5,"59":3,"60":1},"f":{"0":1,"1":28,"2":140,"3":140,"4":1,"5":5,"6":5,"7":1,"8":5,"9":1,"10":5},"b":{"0":[28,0],"1":[1,0],"2":[1,0],"3":[3,2],"4":[1,0],"5":[3,2]},"_coverageSchema":"1a1c01bbd47fc00a2c39e90264f33305004495a9","hash":"f1a1661a24f6dba5fc5b88bb91bc9dee5f5fd8f9"}
,"/Users/retr0/Coding/espaza/backend/controllers/user/index.js": {"path":"/Users/retr0/Coding/espaza/backend/controllers/user/index.js","statementMap":{"0":{"start":{"line":3,"column":27},"end":{"line":7,"column":1}},"1":{"start":{"line":4,"column":14},"end":{"line":4,"column":37}},"2":{"start":{"line":5,"column":2},"end":{"line":5,"column":48}},"3":{"start":{"line":5,"column":30},"end":{"line":5,"column":46}},"4":{"start":{"line":6,"column":2},"end":{"line":6,"column":15}},"5":{"start":{"line":9,"column":27},"end":{"line":13,"column":1}},"6":{"start":{"line":10,"column":13},"end":{"line":10,"column":53}},"7":{"start":{"line":11,"column":2},"end":{"line":11,"column":26}},"8":{"start":{"line":12,"column":2},"end":{"line":12,"column":14}},"9":{"start":{"line":15,"column":26},"end":{"line":22,"column":1}},"10":{"start":{"line":16,"column":13},"end":{"line":16,"column":53}},"11":{"start":{"line":17,"column":2},"end":{"line":21,"column":3}},"12":{"start":{"line":18,"column":4},"end":{"line":18,"column":29}},"13":{"start":{"line":19,"column":4},"end":{"line":19,"column":29}},"14":{"start":{"line":20,"column":4},"end":{"line":20,"column":28}},"15":{"start":{"line":24,"column":30},"end":{"line":28,"column":1}},"16":{"start":{"line":25,"column":13},"end":{"line":25,"column":53}},"17":{"start":{"line":26,"column":2},"end":{"line":26,"column":20}},"18":{"start":{"line":27,"column":2},"end":{"line":27,"column":14}}},"fnMap":{"0":{"name":"(anonymous_0)","decl":{"start":{"line":3,"column":27},"end":{"line":3,"column":28}},"loc":{"start":{"line":3,"column":39},"end":{"line":7,"column":1}},"line":3},"1":{"name":"(anonymous_1)","decl":{"start":{"line":5,"column":20},"end":{"line":5,"column":21}},"loc":{"start":{"line":5,"column":30},"end":{"line":5,"column":46}},"line":5},"2":{"name":"(anonymous_2)","decl":{"start":{"line":9,"column":27},"end":{"line":9,"column":28}},"loc":{"start":{"line":9,"column":41},"end":{"line":13,"column":1}},"line":9},"3":{"name":"(anonymous_3)","decl":{"start":{"line":15,"column":26},"end":{"line":15,"column":27}},"loc":{"start":{"line":15,"column":49},"end":{"line":22,"column":1}},"line":15},"4":{"name":"(anonymous_4)","decl":{"start":{"line":24,"column":30},"end":{"line":24,"column":31}},"loc":{"start":{"line":24,"column":44},"end":{"line":28,"column":1}},"line":24}},"branchMap":{"0":{"loc":{"start":{"line":17,"column":2},"end":{"line":21,"column":3}},"type":"if","locations":[{"start":{"line":17,"column":2},"end":{"line":21,"column":3}},{"start":{},"end":{}}],"line":17}},"s":{"0":2,"1":1,"2":1,"3":1,"4":1,"5":2,"6":1,"7":1,"8":1,"9":2,"10":1,"11":1,"12":1,"13":1,"14":1,"15":2,"16":0,"17":0,"18":0},"f":{"0":1,"1":1,"2":1,"3":1,"4":0},"b":{"0":[1,0]},"_coverageSchema":"1a1c01bbd47fc00a2c39e90264f33305004495a9","hash":"192f69ef0c7f96faddf27e2240a208dfac0647c1"}
,"/Users/retr0/Coding/espaza/backend/models/index.js": {"path":"/Users/retr0/Coding/espaza/backend/models/index.js","statementMap":{"0":{"start":{"line":1,"column":35},"end":{"line":6,"column":1}},"1":{"start":{"line":3,"column":2},"end":{"line":3,"column":53}},"2":{"start":{"line":5,"column":2},"end":{"line":5,"column":30}},"3":{"start":{"line":8,"column":33},"end":{"line":19,"column":1}},"4":{"start":{"line":10,"column":2},"end":{"line":18,"column":3}},"5":{"start":{"line":11,"column":4},"end":{"line":11,"column":41}},"6":{"start":{"line":12,"column":4},"end":{"line":12,"column":40}},"7":{"start":{"line":13,"column":4},"end":{"line":13,"column":40}},"8":{"start":{"line":14,"column":4},"end":{"line":14,"column":40}},"9":{"start":{"line":15,"column":4},"end":{"line":15,"column":41}},"10":{"start":{"line":17,"column":4},"end":{"line":17,"column":23}}},"fnMap":{"0":{"name":"(anonymous_0)","decl":{"start":{"line":1,"column":35},"end":{"line":1,"column":36}},"loc":{"start":{"line":1,"column":43},"end":{"line":6,"column":1}},"line":1},"1":{"name":"(anonymous_1)","decl":{"start":{"line":8,"column":33},"end":{"line":8,"column":34}},"loc":{"start":{"line":8,"column":47},"end":{"line":19,"column":1}},"line":8}},"branchMap":{},"s":{"0":5,"1":5,"2":5,"3":5,"4":0,"5":0,"6":0,"7":0,"8":0,"9":0,"10":0},"f":{"0":5,"1":0},"b":{},"_coverageSchema":"1a1c01bbd47fc00a2c39e90264f33305004495a9","hash":"d0c232b009466593f753885d166d4759021be164"}
,"/Users/retr0/Coding/espaza/backend/models/order/index.js": {"path":"/Users/retr0/Coding/espaza/backend/models/order/index.js","statementMap":{"0":{"start":{"line":6,"column":16},"end":{"line":26,"column":4}},"1":{"start":{"line":28,"column":2},"end":{"line":28,"column":15}}},"fnMap":{"0":{"name":"defineOrderModel","decl":{"start":{"line":5,"column":24},"end":{"line":5,"column":40}},"loc":{"start":{"line":5,"column":52},"end":{"line":29,"column":1}},"line":5}},"branchMap":{},"s":{"0":5,"1":5},"f":{"0":5},"b":{},"_coverageSchema":"1a1c01bbd47fc00a2c39e90264f33305004495a9","hash":"f064e0c18d49c67eb9b60844995afa15d8fd9a13"}
}
