TN:
SF:index.js
FN:28,(anonymous_0)
FNF:1
FNH:0
FNDA:0,(anonymous_0)
DA:22,5
DA:24,5
DA:26,5
DA:28,5
DA:29,0
DA:30,0
DA:34,0
DA:38,0
DA:39,0
DA:40,0
DA:42,0
DA:58,5
DA:69,5
DA:82,5
DA:83,5
DA:84,5
DA:90,5
DA:91,5
DA:92,5
DA:93,5
DA:94,5
DA:95,5
DA:96,5
DA:97,5
DA:98,5
DA:99,5
DA:100,5
DA:103,5
LF:28
LH:21
BRDA:39,0,0,0
BRDA:39,0,1,0
BRDA:58,1,0,0
BRDA:58,1,1,5
BRDA:71,2,0,0
BRDA:71,2,1,5
BRDA:72,3,0,0
BRDA:72,3,1,5
BRDA:75,4,0,0
BRDA:75,4,1,5
BRF:10
BRH:4
end_of_record
TN:
SF:authentication/passport.js
FN:16,(anonymous_0)
FN:24,(anonymous_1)
FN:28,(anonymous_2)
FNF:3
FNH:0
FNDA:0,(anonymous_0)
FNDA:0,(anonymous_1)
FNDA:0,(anonymous_2)
DA:5,5
DA:7,5
DA:9,5
DA:19,0
DA:24,5
DA:25,0
DA:28,5
DA:29,0
LF:8
LH:5
BRF:0
BRH:0
end_of_record
TN:
SF:authentication/controllers/AuthController.js
FN:9,signup
FNF:1
FNH:1
FNDA:2,signup
DA:7,2
DA:10,2
DA:11,2
DA:12,2
DA:19,2
DA:20,2
DA:21,0
DA:23,2
DA:24,2
DA:27,0
DA:28,0
LF:11
LH:8
BRDA:9,0,0,2
BRF:1
BRH:1
end_of_record
TN:
SF:common/models/Category.js
FN:6,defineCategoryModel
FNF:1
FNH:1
FNDA:5,defineCategoryModel
DA:4,5
DA:7,5
DA:42,5
LF:3
LH:3
BRF:0
BRH:0
end_of_record
TN:
SF:common/models/Color.js
FN:3,defineColorModel
FNF:1
FNH:1
FNDA:5,defineColorModel
DA:4,5
DA:24,5
LF:2
LH:2
BRF:0
BRH:0
end_of_record
TN:
SF:common/models/Gender.js
FN:3,defineGenderModel
FNF:1
FNH:1
FNDA:5,defineGenderModel
DA:4,5
DA:30,5
LF:2
LH:2
BRF:0
BRH:0
end_of_record
TN:
SF:common/models/ItemColor.js
FN:8,defineItemColorModel
FNF:1
FNH:1
FNDA:5,defineItemColorModel
DA:6,5
DA:9,5
DA:40,5
LF:3
LH:3
BRF:0
BRH:0
end_of_record
TN:
SF:common/models/ItemSize.js
FN:9,defineItemSizeModel
FN:48,(anonymous_1)
FN:62,(anonymous_2)
FNF:3
FNH:3
FNDA:9,defineItemSizeModel
FNDA:40,(anonymous_1)
FNDA:6,(anonymous_2)
DA:7,5
DA:10,9
DA:48,9
DA:49,40
DA:50,40
DA:56,40
DA:58,0
DA:62,9
DA:63,6
DA:64,6
DA:65,6
DA:66,6
DA:69,6
DA:70,3
DA:76,3
DA:86,6
DA:88,0
DA:92,9
LF:18
LH:16
BRDA:69,0,0,3
BRDA:69,0,1,3
BRF:2
BRH:2
end_of_record
TN:
SF:common/models/Items.js
FN:21,defineItemModel
FN:78,(anonymous_1)
FN:88,(anonymous_2)
FN:98,(anonymous_3)
FN:110,(anonymous_4)
FN:123,(anonymous_5)
FN:137,(anonymous_6)
FNF:7
FNH:1
FNDA:5,defineItemModel
FNDA:0,(anonymous_1)
FNDA:0,(anonymous_2)
FNDA:0,(anonymous_3)
FNDA:0,(anonymous_4)
FNDA:0,(anonymous_5)
FNDA:0,(anonymous_6)
DA:7,5
DA:22,5
DA:78,5
DA:79,0
DA:80,0
DA:81,0
DA:83,0
DA:88,5
DA:89,0
DA:90,0
DA:91,0
DA:93,0
DA:98,5
DA:99,0
DA:100,0
DA:103,0
DA:105,0
DA:110,5
DA:111,0
DA:113,0
DA:116,0
DA:118,0
DA:123,5
DA:124,0
DA:125,0
DA:130,0
DA:132,0
DA:137,5
DA:138,0
DA:139,0
DA:144,0
DA:146,0
DA:151,5
LF:33
LH:9
BRF:0
BRH:0
end_of_record
TN:
SF:common/models/Size.js
FN:3,defineSizeModel
FNF:1
FNH:1
FNDA:5,defineSizeModel
DA:4,5
DA:25,5
LF:2
LH:2
BRF:0
BRH:0
end_of_record
TN:
SF:common/models/User.js
FN:5,defineUserModel
FN:34,(anonymous_1)
FNF:2
FNH:2
FNDA:5,defineUserModel
FNDA:2,(anonymous_1)
DA:6,5
DA:30,5
DA:34,5
DA:35,2
DA:36,2
DA:37,0
DA:39,2
DA:40,2
LF:8
LH:7
BRF:0
BRH:0
end_of_record
TN:
SF:controllers/checkout/index.js
FN:6,(anonymous_0)
FN:20,(anonymous_1)
FN:22,(anonymous_2)
FN:30,(anonymous_3)
FN:50,(anonymous_4)
FN:53,(anonymous_5)
FN:60,(anonymous_6)
FN:63,(anonymous_7)
FNF:8
FNH:8
FNDA:1,(anonymous_0)
FNDA:1,(anonymous_1)
FNDA:1,(anonymous_2)
FNDA:9,(anonymous_3)
FNDA:1,(anonymous_4)
FNDA:4,(anonymous_5)
FNDA:1,(anonymous_6)
FNDA:4,(anonymous_7)
DA:6,1
DA:7,1
DA:11,1
DA:12,1
DA:13,1
DA:14,1
DA:16,0
DA:20,1
DA:21,1
DA:27,1
DA:30,1
DA:31,9
DA:33,9
DA:34,9
DA:35,9
DA:39,9
DA:45,9
DA:47,0
DA:50,1
DA:51,1
DA:52,1
DA:53,4
DA:54,1
DA:56,0
DA:60,1
DA:61,1
DA:62,1
DA:63,4
DA:64,1
DA:66,0
LF:30
LH:26
BRDA:33,0,0,9
BRDA:33,0,1,0
BRF:2
BRH:1
end_of_record
TN:
SF:controllers/search/index.js
FN:4,(anonymous_0)
FNF:1
FNH:1
FNDA:1,(anonymous_0)
DA:4,1
DA:5,1
DA:9,1
LF:3
LH:3
BRF:0
BRH:0
end_of_record
TN:
SF:controllers/stock/index.js
FN:5,(anonymous_0)
FN:9,(anonymous_1)
FN:15,(anonymous_2)
FN:19,(anonymous_3)
FN:39,(anonymous_4)
FN:49,(anonymous_5)
FN:53,(anonymous_6)
FN:66,(anonymous_7)
FN:71,(anonymous_8)
FN:77,(anonymous_9)
FN:81,(anonymous_10)
FN:105,(anonymous_11)
FN:110,(anonymous_12)
FN:116,(anonymous_13)
FN:120,(anonymous_14)
FN:144,(anonymous_15)
FN:149,(anonymous_16)
FN:155,(anonymous_17)
FN:159,(anonymous_18)
FN:185,(anonymous_19)
FN:232,(anonymous_20)
FN:246,(anonymous_21)
FN:287,(anonymous_22)
FNF:23
FNH:11
FNDA:1,(anonymous_0)
FNDA:7,(anonymous_1)
FNDA:35,(anonymous_2)
FNDA:35,(anonymous_3)
FNDA:1,(anonymous_4)
FNDA:5,(anonymous_5)
FNDA:5,(anonymous_6)
FNDA:0,(anonymous_7)
FNDA:0,(anonymous_8)
FNDA:0,(anonymous_9)
FNDA:0,(anonymous_10)
FNDA:0,(anonymous_11)
FNDA:0,(anonymous_12)
FNDA:0,(anonymous_13)
FNDA:0,(anonymous_14)
FNDA:0,(anonymous_15)
FNDA:0,(anonymous_16)
FNDA:0,(anonymous_17)
FNDA:0,(anonymous_18)
FNDA:1,(anonymous_19)
FNDA:5,(anonymous_20)
FNDA:1,(anonymous_21)
FNDA:5,(anonymous_22)
DA:5,2
DA:6,1
DA:7,1
DA:8,1
DA:10,7
DA:12,7
DA:13,7
DA:16,35
DA:19,35
DA:20,7
DA:23,7
DA:24,7
DA:25,24
DA:27,7
DA:28,7
DA:29,7
DA:31,7
DA:36,1
DA:39,2
DA:40,1
DA:41,1
DA:43,1
DA:45,1
DA:46,1
DA:47,1
DA:49,5
DA:53,5
DA:54,1
DA:58,1
DA:59,1
DA:60,3
DA:62,1
DA:63,1
DA:66,2
DA:67,0
DA:68,0
DA:69,0
DA:70,0
DA:72,0
DA:74,0
DA:75,0
DA:78,0
DA:81,0
DA:82,0
DA:85,0
DA:86,0
DA:87,0
DA:89,0
DA:90,0
DA:91,0
DA:93,0
DA:98,0
DA:101,0
DA:105,2
DA:106,0
DA:107,0
DA:108,0
DA:109,0
DA:111,0
DA:113,0
DA:114,0
DA:117,0
DA:120,0
DA:121,0
DA:124,0
DA:125,0
DA:126,0
DA:128,0
DA:129,0
DA:130,0
DA:132,0
DA:137,0
DA:140,0
DA:144,2
DA:145,0
DA:146,0
DA:147,0
DA:148,0
DA:150,0
DA:152,0
DA:153,0
DA:156,0
DA:159,0
DA:160,0
DA:163,0
DA:164,0
DA:165,0
DA:167,0
DA:168,0
DA:169,0
DA:171,0
DA:176,0
DA:179,0
DA:185,2
DA:186,1
DA:187,1
DA:196,1
DA:198,1
DA:201,1
DA:203,1
DA:231,1
DA:233,5
DA:234,3
DA:240,1
DA:242,0
DA:246,2
DA:247,1
DA:248,1
DA:249,1
DA:250,1
DA:251,1
DA:252,1
DA:253,1
DA:256,1
DA:258,1
DA:286,1
DA:288,5
DA:289,3
DA:294,1
LF:119
LH:61
BRDA:10,0,0,7
BRDA:10,0,1,0
BRDA:43,1,0,1
BRDA:43,1,1,0
BRDA:69,2,0,0
BRDA:69,2,1,0
BRDA:72,3,0,0
BRDA:72,3,1,0
BRDA:108,4,0,0
BRDA:108,4,1,0
BRDA:111,5,0,0
BRDA:111,5,1,0
BRDA:147,6,0,0
BRDA:147,6,1,0
BRDA:150,7,0,0
BRDA:150,7,1,0
BRDA:198,8,0,1
BRDA:198,8,1,0
BRDA:233,9,0,3
BRDA:233,9,1,2
BRDA:253,10,0,1
BRDA:253,10,1,0
BRDA:288,11,0,3
BRDA:288,11,1,2
BRF:24
BRH:8
end_of_record
TN:
SF:controllers/user/index.js
FN:3,(anonymous_0)
FN:5,(anonymous_1)
FN:9,(anonymous_2)
FN:15,(anonymous_3)
FN:24,(anonymous_4)
FNF:5
FNH:4
FNDA:1,(anonymous_0)
FNDA:1,(anonymous_1)
FNDA:10,(anonymous_2)
FNDA:1,(anonymous_3)
FNDA:0,(anonymous_4)
DA:3,2
DA:4,1
DA:5,1
DA:6,1
DA:9,2
DA:10,10
DA:11,10
DA:12,10
DA:15,2
DA:16,1
DA:17,1
DA:18,1
DA:19,1
DA:20,1
DA:24,2
DA:25,0
DA:26,0
DA:27,0
LF:18
LH:15
BRDA:17,0,0,1
BRDA:17,0,1,0
BRF:2
BRH:1
end_of_record
TN:
SF:models/index.js
FN:1,(anonymous_0)
FN:8,(anonymous_1)
FNF:2
FNH:1
FNDA:5,(anonymous_0)
FNDA:0,(anonymous_1)
DA:1,5
DA:3,5
DA:5,5
DA:8,5
DA:10,0
DA:11,0
DA:12,0
DA:13,0
DA:14,0
DA:15,0
DA:17,0
LF:11
LH:4
BRF:0
BRH:0
end_of_record
TN:
SF:models/order/index.js
FN:5,defineOrderModel
FNF:1
FNH:1
FNDA:5,defineOrderModel
DA:6,5
DA:28,5
LF:2
LH:2
BRF:0
BRH:0
end_of_record
