TN:
SF:index.js
FN:28,(anonymous_0)
FNF:1
FNH:0
FNDA:0,(anonymous_0)
DA:22,5
DA:24,5
DA:26,5
DA:28,5
DA:29,0
DA:30,0
DA:34,0
DA:38,0
DA:39,0
DA:40,0
DA:42,0
DA:58,5
DA:69,5
DA:82,5
DA:83,5
DA:84,5
DA:90,5
DA:91,5
DA:92,5
DA:93,5
DA:94,5
DA:95,5
DA:96,5
DA:97,5
DA:98,5
DA:99,5
DA:100,5
DA:103,5
LF:28
LH:21
BRDA:39,0,0,0
BRDA:39,0,1,0
BRDA:58,1,0,0
BRDA:58,1,1,5
BRDA:71,2,0,0
BRDA:71,2,1,5
BRDA:72,3,0,0
BRDA:72,3,1,5
BRDA:75,4,0,0
BRDA:75,4,1,5
BRF:10
BRH:4
end_of_record
TN:
SF:authentication/passport.js
FN:16,(anonymous_0)
FN:24,(anonymous_1)
FN:28,(anonymous_2)
FNF:3
FNH:0
FNDA:0,(anonymous_0)
FNDA:0,(anonymous_1)
FNDA:0,(anonymous_2)
DA:5,5
DA:7,5
DA:9,5
DA:19,0
DA:24,5
DA:25,0
DA:28,5
DA:29,0
LF:8
LH:5
BRF:0
BRH:0
end_of_record
TN:
SF:authentication/controllers/AuthController.js
FN:9,signup
FNF:1
FNH:1
FNDA:2,signup
DA:7,2
DA:10,2
DA:11,2
DA:12,2
DA:19,2
DA:20,2
DA:21,0
DA:23,2
DA:24,2
DA:27,0
DA:28,0
LF:11
LH:8
BRDA:9,0,0,2
BRF:1
BRH:1
end_of_record
TN:
SF:common/models/Category.js
FN:6,defineCategoryModel
FNF:1
FNH:1
FNDA:5,defineCategoryModel
DA:4,5
DA:7,5
DA:42,5
LF:3
LH:3
BRF:0
BRH:0
end_of_record
TN:
SF:common/models/Color.js
FN:3,defineColorModel
FNF:1
FNH:1
FNDA:5,defineColorModel
DA:4,5
DA:24,5
LF:2
LH:2
BRF:0
BRH:0
end_of_record
TN:
SF:common/models/Gender.js
FN:3,defineGenderModel
FNF:1
FNH:1
FNDA:5,defineGenderModel
DA:4,5
DA:30,5
LF:2
LH:2
BRF:0
BRH:0
end_of_record
TN:
SF:common/models/ItemColor.js
FN:8,defineItemColorModel
FNF:1
FNH:1
FNDA:5,defineItemColorModel
DA:6,5
DA:9,5
DA:40,5
LF:3
LH:3
BRF:0
BRH:0
end_of_record
TN:
SF:common/models/ItemSize.js
FN:9,defineItemSizeModel
FN:48,(anonymous_1)
FN:62,(anonymous_2)
FNF:3
FNH:3
FNDA:9,defineItemSizeModel
FNDA:145,(anonymous_1)
FNDA:6,(anonymous_2)
DA:7,5
DA:10,9
DA:48,9
DA:49,145
DA:50,145
DA:56,145
DA:58,0
DA:62,9
DA:63,6
DA:64,6
DA:65,6
DA:66,6
DA:69,6
DA:70,3
DA:76,3
DA:86,6
DA:88,0
DA:92,9
LF:18
LH:16
BRDA:69,0,0,3
BRDA:69,0,1,3
BRF:2
BRH:2
end_of_record
TN:
SF:common/models/Items.js
FN:21,defineItemModel
FN:74,(anonymous_1)
FN:84,(anonymous_2)
FN:94,(anonymous_3)
FN:106,(anonymous_4)
FN:119,(anonymous_5)
FN:133,(anonymous_6)
FNF:7
FNH:1
FNDA:5,defineItemModel
FNDA:0,(anonymous_1)
FNDA:0,(anonymous_2)
FNDA:0,(anonymous_3)
FNDA:0,(anonymous_4)
FNDA:0,(anonymous_5)
FNDA:0,(anonymous_6)
DA:7,5
DA:22,5
DA:74,5
DA:75,0
DA:76,0
DA:77,0
DA:79,0
DA:84,5
DA:85,0
DA:86,0
DA:87,0
DA:89,0
DA:94,5
DA:95,0
DA:96,0
DA:99,0
DA:101,0
DA:106,5
DA:107,0
DA:109,0
DA:112,0
DA:114,0
DA:119,5
DA:120,0
DA:121,0
DA:126,0
DA:128,0
DA:133,5
DA:134,0
DA:135,0
DA:140,0
DA:142,0
DA:147,5
LF:33
LH:9
BRF:0
BRH:0
end_of_record
TN:
SF:common/models/Size.js
FN:3,defineSizeModel
FNF:1
FNH:1
FNDA:5,defineSizeModel
DA:4,5
DA:25,5
LF:2
LH:2
BRF:0
BRH:0
end_of_record
TN:
SF:common/models/User.js
FN:5,defineUserModel
FN:34,(anonymous_1)
FNF:2
FNH:2
FNDA:5,defineUserModel
FNDA:2,(anonymous_1)
DA:6,5
DA:30,5
DA:34,5
DA:35,2
DA:36,2
DA:37,0
DA:39,2
DA:40,2
LF:8
LH:7
BRF:0
BRH:0
end_of_record
TN:
SF:controllers/checkout/index.js
FN:4,(anonymous_0)
FN:18,(anonymous_1)
FN:20,(anonymous_2)
FN:28,(anonymous_3)
FN:33,(anonymous_4)
FN:36,(anonymous_5)
FN:37,(anonymous_6)
FN:43,(anonymous_7)
FN:51,(anonymous_8)
FN:54,(anonymous_9)
FNF:10
FNH:10
FNDA:1,(anonymous_0)
FNDA:1,(anonymous_1)
FNDA:1,(anonymous_2)
FNDA:1,(anonymous_3)
FNDA:1,(anonymous_4)
FNDA:17,(anonymous_5)
FNDA:17,(anonymous_6)
FNDA:1,(anonymous_7)
FNDA:1,(anonymous_8)
FNDA:17,(anonymous_9)
DA:4,1
DA:5,1
DA:9,1
DA:10,1
DA:11,1
DA:12,1
DA:14,0
DA:18,1
DA:19,1
DA:25,1
DA:28,1
DA:29,1
DA:30,1
DA:33,1
DA:34,1
DA:35,1
DA:36,17
DA:37,17
DA:38,1
DA:43,1
DA:44,1
DA:45,1
DA:47,0
DA:51,1
DA:52,1
DA:53,1
DA:54,17
DA:55,1
DA:57,0
LF:29
LH:26
BRF:0
BRH:0
end_of_record
TN:
SF:controllers/search/index.js
FN:4,(anonymous_0)
FNF:1
FNH:1
FNDA:1,(anonymous_0)
DA:4,1
DA:5,1
DA:9,1
LF:3
LH:3
BRF:0
BRH:0
end_of_record
TN:
SF:controllers/stock/index.js
FN:4,(anonymous_0)
FN:8,(anonymous_1)
FN:14,(anonymous_2)
FN:18,(anonymous_3)
FN:38,(anonymous_4)
FN:48,(anonymous_5)
FN:52,(anonymous_6)
FN:65,(anonymous_7)
FN:110,(anonymous_8)
FN:124,(anonymous_9)
FN:163,(anonymous_10)
FNF:11
FNH:11
FNDA:1,(anonymous_0)
FNDA:28,(anonymous_1)
FNDA:140,(anonymous_2)
FNDA:140,(anonymous_3)
FNDA:1,(anonymous_4)
FNDA:5,(anonymous_5)
FNDA:5,(anonymous_6)
FNDA:1,(anonymous_7)
FNDA:5,(anonymous_8)
FNDA:1,(anonymous_9)
FNDA:5,(anonymous_10)
DA:4,1
DA:5,1
DA:6,1
DA:7,1
DA:9,28
DA:11,28
DA:12,28
DA:15,140
DA:18,140
DA:19,28
DA:22,28
DA:23,28
DA:24,83
DA:26,28
DA:27,28
DA:28,28
DA:30,28
DA:35,1
DA:38,1
DA:39,1
DA:40,1
DA:42,1
DA:44,1
DA:45,1
DA:46,1
DA:48,5
DA:52,5
DA:53,1
DA:57,1
DA:58,1
DA:59,3
DA:61,1
DA:62,1
DA:65,1
DA:66,1
DA:67,1
DA:74,1
DA:76,1
DA:79,1
DA:81,1
DA:109,1
DA:111,5
DA:112,3
DA:118,1
DA:120,0
DA:124,1
DA:125,1
DA:126,1
DA:127,1
DA:128,1
DA:129,1
DA:132,1
DA:134,1
DA:162,1
DA:164,5
DA:165,3
DA:170,1
LF:57
LH:56
BRDA:9,0,0,28
BRDA:9,0,1,0
BRDA:42,1,0,1
BRDA:42,1,1,0
BRDA:76,2,0,1
BRDA:76,2,1,0
BRDA:111,3,0,3
BRDA:111,3,1,2
BRDA:129,4,0,1
BRDA:129,4,1,0
BRDA:164,5,0,3
BRDA:164,5,1,2
BRF:12
BRH:8
end_of_record
TN:
SF:controllers/user/index.js
FN:3,(anonymous_0)
FN:5,(anonymous_1)
FN:9,(anonymous_2)
FN:15,(anonymous_3)
FN:24,(anonymous_4)
FNF:5
FNH:4
FNDA:1,(anonymous_0)
FNDA:1,(anonymous_1)
FNDA:1,(anonymous_2)
FNDA:1,(anonymous_3)
FNDA:0,(anonymous_4)
DA:3,2
DA:4,1
DA:5,1
DA:6,1
DA:9,2
DA:10,1
DA:11,1
DA:12,1
DA:15,2
DA:16,1
DA:17,1
DA:18,1
DA:19,1
DA:20,1
DA:24,2
DA:25,0
DA:26,0
DA:27,0
LF:18
LH:15
BRDA:17,0,0,1
BRDA:17,0,1,0
BRF:2
BRH:1
end_of_record
TN:
SF:models/index.js
FN:1,(anonymous_0)
FN:8,(anonymous_1)
FNF:2
FNH:1
FNDA:5,(anonymous_0)
FNDA:0,(anonymous_1)
DA:1,5
DA:3,5
DA:5,5
DA:8,5
DA:10,0
DA:11,0
DA:12,0
DA:13,0
DA:14,0
DA:15,0
DA:17,0
LF:11
LH:4
BRF:0
BRH:0
end_of_record
TN:
SF:models/order/index.js
FN:5,defineOrderModel
FNF:1
FNH:1
FNDA:5,defineOrderModel
DA:6,5
DA:28,5
LF:2
LH:2
BRF:0
BRH:0
end_of_record
